2023/04/11 02:47:18 [notice] 1#1: signal 3 (SIGQUIT) received, shutting down
2023/04/11 02:47:18 [notice] 20#20: gracefully shutting down
2023/04/11 02:47:18 [notice] 21#21: gracefully shutting down
2023/04/11 02:47:18 [notice] 22#22: gracefully shutting down
2023/04/11 02:47:18 [notice] 23#23: gracefully shutting down
2023/04/11 02:47:18 [notice] 25#25: gracefully shutting down
2023/04/11 02:47:18 [notice] 26#26: gracefully shutting down
2023/04/11 02:47:18 [notice] 24#24: gracefully shutting down
2023/04/11 02:47:18 [notice] 27#27: gracefully shutting down
2023/04/11 02:47:18 [notice] 28#28: gracefully shutting down
2023/04/11 02:47:18 [notice] 29#29: gracefully shutting down
2023/04/11 02:47:18 [notice] 30#30: gracefully shutting down
2023/04/11 02:47:18 [notice] 31#31: gracefully shutting down
2023/04/11 02:47:18 [notice] 20#20: exiting
2023/04/11 02:47:18 [notice] 21#21: exiting
2023/04/11 02:47:18 [notice] 22#22: exiting
2023/04/11 02:47:18 [notice] 23#23: exiting
2023/04/11 02:47:18 [notice] 25#25: exiting
2023/04/11 02:47:18 [notice] 26#26: exiting
2023/04/11 02:47:18 [notice] 24#24: exiting
2023/04/11 02:47:18 [notice] 27#27: exiting
2023/04/11 02:47:18 [notice] 28#28: exiting
2023/04/11 02:47:18 [notice] 29#29: exiting
2023/04/11 02:47:18 [notice] 30#30: exiting
2023/04/11 02:47:18 [notice] 31#31: exiting
2023/04/11 02:47:18 [notice] 20#20: exit
2023/04/11 02:47:18 [notice] 21#21: exit
2023/04/11 02:47:18 [notice] 22#22: exit
2023/04/11 02:47:18 [notice] 23#23: exit
2023/04/11 02:47:18 [notice] 25#25: exit
2023/04/11 02:47:18 [notice] 26#26: exit
2023/04/11 02:47:18 [notice] 24#24: exit
2023/04/11 02:47:18 [notice] 27#27: exit
2023/04/11 02:47:18 [notice] 28#28: exit
2023/04/11 02:47:18 [notice] 29#29: exit
2023/04/11 02:47:18 [notice] 30#30: exit
2023/04/11 02:47:18 [notice] 31#31: exit
2023/04/11 02:47:18 [notice] 1#1: signal 17 (SIGCHLD) received from 22
2023/04/11 02:47:18 [notice] 1#1: worker process 22 exited with code 0
2023/04/11 02:47:18 [notice] 1#1: worker process 24 exited with code 0
2023/04/11 02:47:18 [notice] 1#1: worker process 26 exited with code 0
2023/04/11 02:47:18 [notice] 1#1: worker process 28 exited with code 0
2023/04/11 02:47:18 [notice] 1#1: worker process 31 exited with code 0
2023/04/11 02:47:18 [notice] 1#1: signal 29 (SIGIO) received
2023/04/11 02:47:18 [notice] 1#1: signal 17 (SIGCHLD) received from 24
2023/04/11 02:47:18 [notice] 1#1: signal 17 (SIGCHLD) received from 20
2023/04/11 02:47:18 [notice] 1#1: worker process 20 exited with code 0
2023/04/11 02:47:18 [notice] 1#1: worker process 21 exited with code 0
2023/04/11 02:47:18 [notice] 1#1: worker process 23 exited with code 0
2023/04/11 02:47:18 [notice] 1#1: worker process 27 exited with code 0
2023/04/11 02:47:18 [notice] 1#1: worker process 30 exited with code 0
2023/04/11 02:47:18 [notice] 1#1: signal 29 (SIGIO) received
2023/04/11 02:47:18 [notice] 1#1: signal 17 (SIGCHLD) received from 21
2023/04/11 02:47:18 [notice] 1#1: signal 17 (SIGCHLD) received from 25
2023/04/11 02:47:18 [notice] 1#1: worker process 25 exited with code 0
2023/04/11 02:47:18 [notice] 1#1: worker process 29 exited with code 0
2023/04/11 02:47:18 [notice] 1#1: exit
2023/04/11 02:47:19 [emerg] 1#1: "worker_processes" directive is not allowed here in /etc/nginx/conf.d/app.conf:1
2023/04/11 02:47:20 [emerg] 1#1: "worker_processes" directive is not allowed here in /etc/nginx/conf.d/app.conf:1
2023/04/11 02:47:21 [emerg] 1#1: "worker_processes" directive is not allowed here in /etc/nginx/conf.d/app.conf:1
2023/04/11 02:47:22 [emerg] 1#1: "worker_processes" directive is not allowed here in /etc/nginx/conf.d/app.conf:1
2023/04/11 02:47:23 [emerg] 1#1: "worker_processes" directive is not allowed here in /etc/nginx/conf.d/app.conf:1
2023/04/11 02:47:25 [emerg] 1#1: "worker_processes" directive is not allowed here in /etc/nginx/conf.d/app.conf:1
2023/04/11 02:47:48 [emerg] 1#1: "worker_processes" directive is not allowed here in /etc/nginx/conf.d/app.conf:1
2023/04/11 02:47:49 [emerg] 1#1: "worker_processes" directive is not allowed here in /etc/nginx/conf.d/app.conf:1
2023/04/11 02:47:50 [emerg] 1#1: "worker_processes" directive is not allowed here in /etc/nginx/conf.d/app.conf:1
2023/04/11 02:47:51 [emerg] 1#1: "worker_processes" directive is not allowed here in /etc/nginx/conf.d/app.conf:1
2023/04/11 02:47:52 [emerg] 1#1: "worker_processes" directive is not allowed here in /etc/nginx/conf.d/app.conf:1
2023/04/11 02:54:26 [emerg] 1#1: "worker_processes" directive is not allowed here in /etc/nginx/conf.d/default.conf:1
2023/04/11 02:54:27 [emerg] 1#1: "worker_processes" directive is not allowed here in /etc/nginx/conf.d/default.conf:1
2023/04/11 02:54:28 [emerg] 1#1: "worker_processes" directive is not allowed here in /etc/nginx/conf.d/default.conf:1
2023/04/11 02:54:29 [emerg] 1#1: "worker_processes" directive is not allowed here in /etc/nginx/conf.d/default.conf:1
2023/04/11 02:54:30 [emerg] 1#1: "worker_processes" directive is not allowed here in /etc/nginx/conf.d/default.conf:1
2023/04/11 02:54:35 [emerg] 1#1: "worker_processes" directive is not allowed here in /etc/nginx/conf.d/default.conf:1
2023/04/11 02:54:36 [emerg] 1#1: "worker_processes" directive is not allowed here in /etc/nginx/conf.d/default.conf:1
2023/04/11 02:54:37 [emerg] 1#1: "worker_processes" directive is not allowed here in /etc/nginx/conf.d/default.conf:1
2023/04/11 02:57:25 [emerg] 1#1: "worker_rlimit_nofile" directive is not allowed here in /etc/nginx/conf.d/default.conf:2
2023/04/11 02:57:26 [emerg] 1#1: "worker_rlimit_nofile" directive is not allowed here in /etc/nginx/conf.d/default.conf:2
2023/04/11 02:57:27 [emerg] 1#1: "worker_rlimit_nofile" directive is not allowed here in /etc/nginx/conf.d/default.conf:2
2023/04/11 02:57:28 [emerg] 1#1: "worker_rlimit_nofile" directive is not allowed here in /etc/nginx/conf.d/default.conf:2
2023/04/11 02:57:50 [emerg] 1#1: "worker_rlimit_nofile" directive is not allowed here in /etc/nginx/conf.d/default.conf:2
2023/04/11 02:57:51 [emerg] 1#1: "worker_rlimit_nofile" directive is not allowed here in /etc/nginx/conf.d/default.conf:2
2023/04/11 02:57:51 [emerg] 1#1: "worker_rlimit_nofile" directive is not allowed here in /etc/nginx/conf.d/default.conf:2
2023/04/11 02:58:34 [notice] 1#1: using the "epoll" event method
2023/04/11 02:58:34 [notice] 1#1: nginx/1.23.4
2023/04/11 02:58:34 [notice] 1#1: built by gcc 12.2.1 20220924 (Alpine 12.2.1_git20220924-r4) 
2023/04/11 02:58:34 [notice] 1#1: OS: Linux 5.10.102.1-microsoft-standard-WSL2
2023/04/11 02:58:34 [notice] 1#1: getrlimit(RLIMIT_NOFILE): 1048576:1048576
2023/04/11 02:58:34 [notice] 1#1: start worker processes
2023/04/11 02:58:34 [notice] 1#1: start worker process 29
2023/04/11 02:58:34 [notice] 1#1: start worker process 30
2023/04/11 02:58:34 [notice] 1#1: start worker process 31
2023/04/11 02:58:34 [notice] 1#1: start worker process 32
2023/04/11 02:58:34 [notice] 1#1: start worker process 33
2023/04/11 02:58:34 [notice] 1#1: start worker process 34
2023/04/11 02:58:34 [notice] 1#1: start worker process 35
2023/04/11 02:58:34 [notice] 1#1: start worker process 36
2023/04/11 02:58:34 [notice] 1#1: start worker process 37
2023/04/11 02:58:34 [notice] 1#1: start worker process 38
2023/04/11 02:58:34 [notice] 1#1: start worker process 39
2023/04/11 02:58:34 [notice] 1#1: start worker process 40
2023/04/11 02:58:52 [notice] 1#1: signal 3 (SIGQUIT) received, shutting down
2023/04/11 02:58:52 [notice] 29#29: gracefully shutting down
2023/04/11 02:58:52 [notice] 30#30: gracefully shutting down
2023/04/11 02:58:52 [notice] 31#31: gracefully shutting down
2023/04/11 02:58:52 [notice] 32#32: gracefully shutting down
2023/04/11 02:58:52 [notice] 32#32: exiting
2023/04/11 02:58:52 [notice] 34#34: gracefully shutting down
2023/04/11 02:58:52 [notice] 33#33: gracefully shutting down
2023/04/11 02:58:52 [notice] 35#35: gracefully shutting down
2023/04/11 02:58:52 [notice] 36#36: gracefully shutting down
2023/04/11 02:58:52 [notice] 37#37: gracefully shutting down
2023/04/11 02:58:52 [notice] 38#38: gracefully shutting down
2023/04/11 02:58:52 [notice] 39#39: gracefully shutting down
2023/04/11 02:58:52 [notice] 40#40: gracefully shutting down
2023/04/11 02:58:52 [notice] 29#29: exiting
2023/04/11 02:58:52 [notice] 30#30: exiting
2023/04/11 02:58:52 [notice] 29#29: exit
2023/04/11 02:58:52 [notice] 31#31: exiting
2023/04/11 02:58:52 [notice] 32#32: exit
2023/04/11 02:58:52 [notice] 34#34: exiting
2023/04/11 02:58:52 [notice] 33#33: exiting
2023/04/11 02:58:52 [notice] 35#35: exiting
2023/04/11 02:58:52 [notice] 36#36: exiting
2023/04/11 02:58:52 [notice] 37#37: exiting
2023/04/11 02:58:52 [notice] 38#38: exiting
2023/04/11 02:58:52 [notice] 39#39: exiting
2023/04/11 02:58:52 [notice] 40#40: exiting
2023/04/11 02:58:52 [notice] 30#30: exit
2023/04/11 02:58:52 [notice] 31#31: exit
2023/04/11 02:58:52 [notice] 34#34: exit
2023/04/11 02:58:52 [notice] 33#33: exit
2023/04/11 02:58:52 [notice] 35#35: exit
2023/04/11 02:58:52 [notice] 36#36: exit
2023/04/11 02:58:52 [notice] 37#37: exit
2023/04/11 02:58:52 [notice] 38#38: exit
2023/04/11 02:58:52 [notice] 39#39: exit
2023/04/11 02:58:52 [notice] 40#40: exit
2023/04/11 02:58:52 [notice] 1#1: signal 17 (SIGCHLD) received from 40
2023/04/11 02:58:52 [notice] 1#1: worker process 33 exited with code 0
2023/04/11 02:58:52 [notice] 1#1: worker process 34 exited with code 0
2023/04/11 02:58:52 [notice] 1#1: worker process 40 exited with code 0
2023/04/11 02:58:52 [notice] 1#1: signal 29 (SIGIO) received
2023/04/11 02:58:52 [notice] 1#1: signal 17 (SIGCHLD) received from 39
2023/04/11 02:58:52 [notice] 1#1: worker process 31 exited with code 0
2023/04/11 02:58:52 [notice] 1#1: worker process 36 exited with code 0
2023/04/11 02:58:52 [notice] 1#1: worker process 39 exited with code 0
2023/04/11 02:58:52 [notice] 1#1: signal 29 (SIGIO) received
2023/04/11 02:58:52 [notice] 1#1: signal 17 (SIGCHLD) received from 29
2023/04/11 02:58:52 [notice] 1#1: worker process 29 exited with code 0
2023/04/11 02:58:52 [notice] 1#1: worker process 32 exited with code 0
2023/04/11 02:58:52 [notice] 1#1: worker process 35 exited with code 0
2023/04/11 02:58:52 [notice] 1#1: worker process 37 exited with code 0
2023/04/11 02:58:52 [notice] 1#1: worker process 38 exited with code 0
2023/04/11 02:58:52 [notice] 1#1: signal 29 (SIGIO) received
2023/04/11 02:58:52 [notice] 1#1: signal 17 (SIGCHLD) received from 30
2023/04/11 02:58:52 [notice] 1#1: worker process 30 exited with code 0
2023/04/11 02:58:52 [notice] 1#1: exit
2023/04/11 02:58:53 [notice] 1#1: using the "epoll" event method
2023/04/11 02:58:53 [notice] 1#1: nginx/1.23.4
2023/04/11 02:58:53 [notice] 1#1: built by gcc 12.2.1 20220924 (Alpine 12.2.1_git20220924-r4) 
2023/04/11 02:58:53 [notice] 1#1: OS: Linux 5.10.102.1-microsoft-standard-WSL2
2023/04/11 02:58:53 [notice] 1#1: getrlimit(RLIMIT_NOFILE): 1048576:1048576
2023/04/11 02:58:53 [notice] 1#1: start worker processes
2023/04/11 02:58:53 [notice] 1#1: start worker process 29
2023/04/11 02:58:53 [notice] 1#1: start worker process 30
2023/04/11 02:58:53 [notice] 1#1: start worker process 31
2023/04/11 02:58:53 [notice] 1#1: start worker process 32
2023/04/11 02:58:53 [notice] 1#1: start worker process 33
2023/04/11 02:58:53 [notice] 1#1: start worker process 34
2023/04/11 02:58:53 [notice] 1#1: start worker process 35
2023/04/11 02:58:53 [notice] 1#1: start worker process 36
2023/04/11 02:58:53 [notice] 1#1: start worker process 37
2023/04/11 02:58:53 [notice] 1#1: start worker process 38
2023/04/11 02:58:53 [notice] 1#1: start worker process 39
2023/04/11 02:58:53 [notice] 1#1: start worker process 40
2023/04/11 03:00:08 [error] 29#29: *1 upstream timed out (110: Operation timed out) while reading response header from upstream, client: 172.21.0.1, server: localhost, request: "GET /manager/index.php?a=2 HTTP/1.1", upstream: "fastcgi://172.21.0.2:9000", host: "localhost", referrer: "http://localhost/manager/"
2023/04/11 03:00:17 [error] 30#30: *2 upstream timed out (110: Operation timed out) while reading response header from upstream, client: 172.21.0.1, server: localhost, request: "POST /manager/media/style/default/ajax.php HTTP/1.1", upstream: "fastcgi://172.21.0.2:9000", host: "localhost", referrer: "http://localhost/manager/"
2023/04/11 03:00:19 [error] 31#31: *6 upstream timed out (110: Operation timed out) while reading response header from upstream, client: 172.21.0.1, server: localhost, request: "POST /manager/media/style/default/ajax.php HTTP/1.1", upstream: "fastcgi://172.21.0.2:9000", host: "localhost", referrer: "http://localhost/manager/"
2023/04/11 03:00:30 [notice] 1#1: signal 3 (SIGQUIT) received, shutting down
2023/04/11 03:00:30 [notice] 29#29: gracefully shutting down
2023/04/11 03:00:30 [notice] 39#39: gracefully shutting down
2023/04/11 03:00:30 [notice] 30#30: gracefully shutting down
2023/04/11 03:00:30 [notice] 31#31: gracefully shutting down
2023/04/11 03:00:30 [notice] 32#32: gracefully shutting down
2023/04/11 03:00:30 [notice] 33#33: gracefully shutting down
2023/04/11 03:00:30 [notice] 34#34: gracefully shutting down
2023/04/11 03:00:30 [notice] 35#35: gracefully shutting down
2023/04/11 03:00:30 [notice] 36#36: gracefully shutting down
2023/04/11 03:00:30 [notice] 35#35: exiting
2023/04/11 03:00:30 [notice] 37#37: gracefully shutting down
2023/04/11 03:00:30 [notice] 38#38: gracefully shutting down
2023/04/11 03:00:30 [notice] 40#40: gracefully shutting down
2023/04/11 03:00:30 [notice] 39#39: exiting
2023/04/11 03:00:30 [notice] 30#30: exiting
2023/04/11 03:00:30 [notice] 31#31: exiting
2023/04/11 03:00:30 [notice] 32#32: exiting
2023/04/11 03:00:30 [notice] 33#33: exiting
2023/04/11 03:00:30 [notice] 34#34: exiting
2023/04/11 03:00:30 [notice] 36#36: exiting
2023/04/11 03:00:30 [notice] 35#35: exit
2023/04/11 03:00:30 [notice] 37#37: exiting
2023/04/11 03:00:30 [notice] 38#38: exiting
2023/04/11 03:00:30 [notice] 39#39: exit
2023/04/11 03:00:30 [notice] 30#30: exit
2023/04/11 03:00:30 [notice] 40#40: exiting
2023/04/11 03:00:30 [notice] 31#31: exit
2023/04/11 03:00:30 [notice] 32#32: exit
2023/04/11 03:00:30 [notice] 33#33: exit
2023/04/11 03:00:30 [notice] 34#34: exit
2023/04/11 03:00:30 [notice] 36#36: exit
2023/04/11 03:00:30 [notice] 37#37: exit
2023/04/11 03:00:30 [notice] 38#38: exit
2023/04/11 03:00:30 [notice] 40#40: exit
2023/04/11 03:00:30 [notice] 1#1: signal 17 (SIGCHLD) received from 33
2023/04/11 03:00:30 [notice] 1#1: worker process 30 exited with code 0
2023/04/11 03:00:30 [notice] 1#1: worker process 32 exited with code 0
2023/04/11 03:00:30 [notice] 1#1: worker process 33 exited with code 0
2023/04/11 03:00:30 [notice] 1#1: worker process 36 exited with code 0
2023/04/11 03:00:30 [notice] 1#1: worker process 38 exited with code 0
2023/04/11 03:00:30 [notice] 1#1: signal 29 (SIGIO) received
2023/04/11 03:00:30 [notice] 1#1: signal 17 (SIGCHLD) received from 32
2023/04/11 03:00:30 [notice] 1#1: signal 17 (SIGCHLD) received from 31
2023/04/11 03:00:30 [notice] 1#1: worker process 31 exited with code 0
2023/04/11 03:00:30 [notice] 1#1: worker process 37 exited with code 0
2023/04/11 03:00:30 [notice] 1#1: signal 29 (SIGIO) received
2023/04/11 03:00:30 [notice] 1#1: signal 17 (SIGCHLD) received from 34
2023/04/11 03:00:30 [notice] 1#1: worker process 34 exited with code 0
2023/04/11 03:00:30 [notice] 1#1: worker process 35 exited with code 0
2023/04/11 03:00:30 [notice] 1#1: worker process 39 exited with code 0
2023/04/11 03:00:30 [notice] 1#1: signal 29 (SIGIO) received
2023/04/11 03:00:30 [notice] 1#1: signal 17 (SIGCHLD) received from 35
2023/04/11 03:00:30 [notice] 1#1: signal 17 (SIGCHLD) received from 40
2023/04/11 03:00:30 [notice] 1#1: worker process 40 exited with code 0
2023/04/11 03:00:30 [notice] 1#1: signal 29 (SIGIO) received
2023/04/11 03:00:41 [notice] 1#1: using the "epoll" event method
2023/04/11 03:00:41 [notice] 1#1: nginx/1.23.4
2023/04/11 03:00:41 [notice] 1#1: built by gcc 12.2.1 20220924 (Alpine 12.2.1_git20220924-r4) 
2023/04/11 03:00:41 [notice] 1#1: OS: Linux 5.10.102.1-microsoft-standard-WSL2
2023/04/11 03:00:41 [notice] 1#1: getrlimit(RLIMIT_NOFILE): 1048576:1048576
2023/04/11 03:00:41 [notice] 1#1: start worker processes
2023/04/11 03:00:41 [notice] 1#1: start worker process 29
2023/04/11 03:00:41 [notice] 1#1: start worker process 30
2023/04/11 03:00:41 [notice] 1#1: start worker process 31
2023/04/11 03:00:41 [notice] 1#1: start worker process 32
2023/04/11 03:00:41 [notice] 1#1: start worker process 33
2023/04/11 03:00:41 [notice] 1#1: start worker process 34
2023/04/11 03:00:41 [notice] 1#1: start worker process 35
2023/04/11 03:00:41 [notice] 1#1: start worker process 36
2023/04/11 03:00:41 [notice] 1#1: start worker process 37
2023/04/11 03:00:41 [notice] 1#1: start worker process 38
2023/04/11 03:00:41 [notice] 1#1: start worker process 39
2023/04/11 03:00:41 [notice] 1#1: start worker process 40
2023/04/11 03:01:28 [notice] 1#1: signal 3 (SIGQUIT) received, shutting down
2023/04/11 03:01:28 [notice] 29#29: gracefully shutting down
2023/04/11 03:01:28 [notice] 39#39: gracefully shutting down
2023/04/11 03:01:28 [notice] 30#30: gracefully shutting down
2023/04/11 03:01:28 [notice] 33#33: gracefully shutting down
2023/04/11 03:01:28 [notice] 31#31: gracefully shutting down
2023/04/11 03:01:28 [notice] 32#32: gracefully shutting down
2023/04/11 03:01:28 [notice] 34#34: gracefully shutting down
2023/04/11 03:01:28 [notice] 35#35: gracefully shutting down
2023/04/11 03:01:28 [notice] 37#37: gracefully shutting down
2023/04/11 03:01:28 [notice] 36#36: gracefully shutting down
2023/04/11 03:01:28 [notice] 40#40: gracefully shutting down
2023/04/11 03:01:28 [notice] 38#38: gracefully shutting down
2023/04/11 03:01:28 [notice] 39#39: exiting
2023/04/11 03:01:28 [notice] 30#30: exiting
2023/04/11 03:01:28 [notice] 39#39: exit
2023/04/11 03:01:28 [notice] 33#33: exiting
2023/04/11 03:01:28 [notice] 31#31: exiting
2023/04/11 03:01:28 [notice] 32#32: exiting
2023/04/11 03:01:28 [notice] 34#34: exiting
2023/04/11 03:01:28 [notice] 35#35: exiting
2023/04/11 03:01:28 [notice] 37#37: exiting
2023/04/11 03:01:28 [notice] 36#36: exiting
2023/04/11 03:01:28 [notice] 40#40: exiting
2023/04/11 03:01:28 [notice] 38#38: exiting
2023/04/11 03:01:28 [notice] 30#30: exit
2023/04/11 03:01:28 [notice] 33#33: exit
2023/04/11 03:01:28 [notice] 31#31: exit
2023/04/11 03:01:28 [notice] 32#32: exit
2023/04/11 03:01:28 [notice] 34#34: exit
2023/04/11 03:01:28 [notice] 35#35: exit
2023/04/11 03:01:28 [notice] 37#37: exit
2023/04/11 03:01:28 [notice] 36#36: exit
2023/04/11 03:01:28 [notice] 40#40: exit
2023/04/11 03:01:28 [notice] 38#38: exit
2023/04/11 03:01:28 [notice] 1#1: signal 17 (SIGCHLD) received from 38
2023/04/11 03:01:28 [notice] 1#1: worker process 31 exited with code 0
2023/04/11 03:01:28 [notice] 1#1: worker process 34 exited with code 0
2023/04/11 03:01:28 [notice] 1#1: worker process 38 exited with code 0
2023/04/11 03:01:28 [notice] 1#1: worker process 40 exited with code 0
2023/04/11 03:01:28 [notice] 1#1: signal 29 (SIGIO) received
2023/04/11 03:01:28 [notice] 1#1: signal 17 (SIGCHLD) received from 40
2023/04/11 03:01:28 [notice] 1#1: signal 17 (SIGCHLD) received from 37
2023/04/11 03:01:28 [notice] 1#1: worker process 37 exited with code 0
2023/04/11 03:01:28 [notice] 1#1: signal 29 (SIGIO) received
2023/04/11 03:01:28 [notice] 1#1: signal 17 (SIGCHLD) received from 39
2023/04/11 03:01:28 [notice] 1#1: worker process 30 exited with code 0
2023/04/11 03:01:28 [notice] 1#1: worker process 32 exited with code 0
2023/04/11 03:01:28 [notice] 1#1: worker process 33 exited with code 0
2023/04/11 03:01:28 [notice] 1#1: worker process 35 exited with code 0
2023/04/11 03:01:28 [notice] 1#1: worker process 36 exited with code 0
2023/04/11 03:01:28 [notice] 1#1: worker process 39 exited with code 0
2023/04/11 03:01:28 [notice] 1#1: signal 29 (SIGIO) received
2023/04/11 03:01:28 [notice] 1#1: signal 17 (SIGCHLD) received from 33
2023/04/11 03:01:39 [emerg] 1#1: unknown directive "worker_rlimit_nofile:" in /etc/nginx/nginx.conf:4
2023/04/11 03:01:40 [emerg] 1#1: unknown directive "worker_rlimit_nofile:" in /etc/nginx/nginx.conf:4
2023/04/11 03:01:41 [emerg] 1#1: unknown directive "worker_rlimit_nofile:" in /etc/nginx/nginx.conf:4
2023/04/11 03:01:42 [emerg] 1#1: unknown directive "worker_rlimit_nofile:" in /etc/nginx/nginx.conf:4
2023/04/11 03:01:43 [emerg] 1#1: unknown directive "worker_rlimit_nofile:" in /etc/nginx/nginx.conf:4
2023/04/11 03:01:46 [emerg] 1#1: unknown directive "worker_rlimit_nofile:" in /etc/nginx/nginx.conf:4
2023/04/11 03:01:49 [emerg] 1#1: unknown directive "worker_rlimit_nofile:" in /etc/nginx/nginx.conf:4
2023/04/11 03:02:24 [emerg] 1#1: unknown directive "worker_rlimit_nofile:" in /etc/nginx/nginx.conf:4
2023/04/11 03:02:25 [emerg] 1#1: unknown directive "worker_rlimit_nofile:" in /etc/nginx/nginx.conf:4
2023/04/11 03:02:26 [emerg] 1#1: unknown directive "worker_rlimit_nofile:" in /etc/nginx/nginx.conf:4
2023/04/11 03:02:27 [emerg] 1#1: unknown directive "worker_rlimit_nofile:" in /etc/nginx/nginx.conf:4
2023/04/11 03:02:36 [notice] 1#1: using the "epoll" event method
2023/04/11 03:02:36 [notice] 1#1: nginx/1.23.4
2023/04/11 03:02:36 [notice] 1#1: built by gcc 12.2.1 20220924 (Alpine 12.2.1_git20220924-r4) 
2023/04/11 03:02:36 [notice] 1#1: OS: Linux 5.10.102.1-microsoft-standard-WSL2
2023/04/11 03:02:36 [notice] 1#1: getrlimit(RLIMIT_NOFILE): 1048576:1048576
2023/04/11 03:02:36 [notice] 1#1: start worker processes
2023/04/11 03:02:36 [notice] 1#1: start worker process 29
2023/04/11 03:02:36 [notice] 1#1: start worker process 30
2023/04/11 03:02:36 [notice] 1#1: start worker process 31
2023/04/11 03:02:36 [notice] 1#1: start worker process 32
2023/04/11 03:02:36 [notice] 1#1: start worker process 33
2023/04/11 03:02:36 [notice] 1#1: start worker process 34
2023/04/11 03:02:36 [notice] 1#1: start worker process 35
2023/04/11 03:02:36 [notice] 1#1: start worker process 36
2023/04/11 03:02:36 [notice] 1#1: start worker process 37
2023/04/11 03:02:36 [notice] 1#1: start worker process 38
2023/04/11 03:02:36 [notice] 1#1: start worker process 39
2023/04/11 03:02:36 [notice] 1#1: start worker process 40
2023/04/11 03:02:51 [notice] 1#1: signal 3 (SIGQUIT) received, shutting down
2023/04/11 03:02:51 [notice] 29#29: gracefully shutting down
2023/04/11 03:02:51 [notice] 39#39: gracefully shutting down
2023/04/11 03:02:51 [notice] 30#30: gracefully shutting down
2023/04/11 03:02:51 [notice] 31#31: gracefully shutting down
2023/04/11 03:02:51 [notice] 33#33: gracefully shutting down
2023/04/11 03:02:51 [notice] 32#32: gracefully shutting down
2023/04/11 03:02:51 [notice] 34#34: gracefully shutting down
2023/04/11 03:02:51 [notice] 35#35: gracefully shutting down
2023/04/11 03:02:51 [notice] 36#36: gracefully shutting down
2023/04/11 03:02:51 [notice] 37#37: gracefully shutting down
2023/04/11 03:02:51 [notice] 38#38: gracefully shutting down
2023/04/11 03:02:51 [notice] 40#40: gracefully shutting down
2023/04/11 03:02:51 [notice] 29#29: exiting
2023/04/11 03:02:51 [notice] 39#39: exiting
2023/04/11 03:02:51 [notice] 30#30: exiting
2023/04/11 03:02:51 [notice] 31#31: exiting
2023/04/11 03:02:51 [notice] 33#33: exiting
2023/04/11 03:02:51 [notice] 32#32: exiting
2023/04/11 03:02:51 [notice] 33#33: exit
2023/04/11 03:02:51 [notice] 34#34: exiting
2023/04/11 03:02:51 [notice] 35#35: exiting
2023/04/11 03:02:51 [notice] 36#36: exiting
2023/04/11 03:02:51 [notice] 37#37: exiting
2023/04/11 03:02:51 [notice] 38#38: exiting
2023/04/11 03:02:51 [notice] 40#40: exiting
2023/04/11 03:02:51 [notice] 29#29: exit
2023/04/11 03:02:51 [notice] 39#39: exit
2023/04/11 03:02:51 [notice] 30#30: exit
2023/04/11 03:02:51 [notice] 31#31: exit
2023/04/11 03:02:51 [notice] 32#32: exit
2023/04/11 03:02:51 [notice] 34#34: exit
2023/04/11 03:02:51 [notice] 35#35: exit
2023/04/11 03:02:51 [notice] 36#36: exit
2023/04/11 03:02:51 [notice] 37#37: exit
2023/04/11 03:02:51 [notice] 38#38: exit
2023/04/11 03:02:51 [notice] 40#40: exit
2023/04/11 03:02:51 [notice] 1#1: signal 17 (SIGCHLD) received from 35
2023/04/11 03:02:51 [notice] 1#1: worker process 29 exited with code 0
2023/04/11 03:02:51 [notice] 1#1: worker process 33 exited with code 0
2023/04/11 03:02:51 [notice] 1#1: worker process 35 exited with code 0
2023/04/11 03:02:51 [notice] 1#1: worker process 39 exited with code 0
2023/04/11 03:02:51 [notice] 1#1: signal 29 (SIGIO) received
2023/04/11 03:02:51 [notice] 1#1: signal 17 (SIGCHLD) received from 33
2023/04/11 03:02:51 [notice] 1#1: signal 17 (SIGCHLD) received from 34
2023/04/11 03:02:51 [notice] 1#1: worker process 32 exited with code 0
2023/04/11 03:02:51 [notice] 1#1: worker process 34 exited with code 0
2023/04/11 03:02:51 [notice] 1#1: worker process 38 exited with code 0
2023/04/11 03:02:51 [notice] 1#1: signal 29 (SIGIO) received
2023/04/11 03:02:51 [notice] 1#1: signal 17 (SIGCHLD) received from 40
2023/04/11 03:02:51 [notice] 1#1: worker process 30 exited with code 0
2023/04/11 03:02:51 [notice] 1#1: worker process 37 exited with code 0
2023/04/11 03:02:51 [notice] 1#1: worker process 40 exited with code 0
2023/04/11 03:02:51 [notice] 1#1: signal 29 (SIGIO) received
2023/04/11 03:02:51 [notice] 1#1: signal 17 (SIGCHLD) received from 37
2023/04/11 03:02:51 [notice] 1#1: signal 17 (SIGCHLD) received from 31
2023/04/11 03:02:51 [notice] 1#1: worker process 31 exited with code 0
2023/04/11 03:02:51 [notice] 1#1: signal 29 (SIGIO) received
2023/04/11 03:02:51 [notice] 1#1: signal 17 (SIGCHLD) received from 36
2023/04/11 03:02:51 [notice] 1#1: worker process 36 exited with code 0
2023/04/11 03:02:51 [notice] 1#1: exit
2023/04/11 03:02:52 [notice] 1#1: using the "epoll" event method
2023/04/11 03:02:52 [notice] 1#1: nginx/1.23.4
2023/04/11 03:02:52 [notice] 1#1: built by gcc 12.2.1 20220924 (Alpine 12.2.1_git20220924-r4) 
2023/04/11 03:02:52 [notice] 1#1: OS: Linux 5.10.102.1-microsoft-standard-WSL2
2023/04/11 03:02:52 [notice] 1#1: getrlimit(RLIMIT_NOFILE): 1048576:1048576
2023/04/11 03:02:52 [notice] 1#1: start worker processes
2023/04/11 03:02:52 [notice] 1#1: start worker process 29
2023/04/11 03:02:52 [notice] 1#1: start worker process 30
2023/04/11 03:02:52 [notice] 1#1: start worker process 31
2023/04/11 03:02:52 [notice] 1#1: start worker process 32
2023/04/11 03:02:52 [notice] 1#1: start worker process 33
2023/04/11 03:02:52 [notice] 1#1: start worker process 34
2023/04/11 03:02:52 [notice] 1#1: start worker process 35
2023/04/11 03:02:52 [notice] 1#1: start worker process 36
2023/04/11 03:02:52 [notice] 1#1: start worker process 37
2023/04/11 03:02:52 [notice] 1#1: start worker process 38
2023/04/11 03:02:52 [notice] 1#1: start worker process 39
2023/04/11 03:02:52 [notice] 1#1: start worker process 40
2023/04/11 03:03:54 [notice] 1#1: signal 3 (SIGQUIT) received, shutting down
2023/04/11 03:03:54 [notice] 29#29: gracefully shutting down
2023/04/11 03:03:54 [notice] 35#35: gracefully shutting down
2023/04/11 03:03:54 [notice] 30#30: gracefully shutting down
2023/04/11 03:03:54 [notice] 31#31: gracefully shutting down
2023/04/11 03:03:54 [notice] 32#32: gracefully shutting down
2023/04/11 03:03:54 [notice] 33#33: gracefully shutting down
2023/04/11 03:03:54 [notice] 34#34: gracefully shutting down
2023/04/11 03:03:54 [notice] 36#36: gracefully shutting down
2023/04/11 03:03:54 [notice] 37#37: gracefully shutting down
2023/04/11 03:03:54 [notice] 38#38: gracefully shutting down
2023/04/11 03:03:54 [notice] 39#39: gracefully shutting down
2023/04/11 03:03:54 [notice] 40#40: gracefully shutting down
2023/04/11 03:03:54 [notice] 35#35: exiting
2023/04/11 03:03:54 [notice] 30#30: exiting
2023/04/11 03:03:54 [notice] 35#35: exit
2023/04/11 03:03:54 [notice] 31#31: exiting
2023/04/11 03:03:54 [notice] 32#32: exiting
2023/04/11 03:03:54 [notice] 33#33: exiting
2023/04/11 03:03:54 [notice] 34#34: exiting
2023/04/11 03:03:54 [notice] 36#36: exiting
2023/04/11 03:03:54 [notice] 37#37: exiting
2023/04/11 03:03:54 [notice] 38#38: exiting
2023/04/11 03:03:54 [notice] 37#37: exit
2023/04/11 03:03:54 [notice] 39#39: exiting
2023/04/11 03:03:54 [notice] 40#40: exiting
2023/04/11 03:03:54 [notice] 30#30: exit
2023/04/11 03:03:54 [notice] 31#31: exit
2023/04/11 03:03:54 [notice] 32#32: exit
2023/04/11 03:03:54 [notice] 33#33: exit
2023/04/11 03:03:54 [notice] 34#34: exit
2023/04/11 03:03:54 [notice] 36#36: exit
2023/04/11 03:03:54 [notice] 38#38: exit
2023/04/11 03:03:54 [notice] 39#39: exit
2023/04/11 03:03:54 [notice] 40#40: exit
2023/04/11 03:03:54 [notice] 1#1: signal 17 (SIGCHLD) received from 38
2023/04/11 03:03:54 [notice] 1#1: worker process 30 exited with code 0
2023/04/11 03:03:54 [notice] 1#1: worker process 34 exited with code 0
2023/04/11 03:03:54 [notice] 1#1: worker process 38 exited with code 0
2023/04/11 03:03:54 [notice] 1#1: worker process 40 exited with code 0
2023/04/11 03:03:54 [notice] 1#1: signal 29 (SIGIO) received
2023/04/11 03:03:54 [notice] 1#1: signal 17 (SIGCHLD) received from 33
2023/04/11 03:03:54 [notice] 1#1: worker process 31 exited with code 0
2023/04/11 03:03:54 [notice] 1#1: worker process 32 exited with code 0
2023/04/11 03:03:54 [notice] 1#1: worker process 33 exited with code 0
2023/04/11 03:03:54 [notice] 1#1: worker process 35 exited with code 0
2023/04/11 03:03:54 [notice] 1#1: worker process 36 exited with code 0
2023/04/11 03:03:54 [notice] 1#1: worker process 37 exited with code 0
2023/04/11 03:03:54 [notice] 1#1: signal 29 (SIGIO) received
2023/04/11 03:03:54 [notice] 1#1: signal 17 (SIGCHLD) received from 35
2023/04/11 03:03:54 [notice] 1#1: signal 17 (SIGCHLD) received from 39
2023/04/11 03:03:54 [notice] 1#1: worker process 39 exited with code 0
2023/04/11 03:03:54 [notice] 1#1: signal 29 (SIGIO) received
2023/04/11 03:04:05 [emerg] 1#1: "keepalive_timeout" directive is duplicate in /etc/nginx/nginx.conf:34
2023/04/11 03:04:06 [emerg] 1#1: "keepalive_timeout" directive is duplicate in /etc/nginx/nginx.conf:34
2023/04/11 03:04:07 [emerg] 1#1: "keepalive_timeout" directive is duplicate in /etc/nginx/nginx.conf:34
2023/04/11 03:04:08 [emerg] 1#1: "keepalive_timeout" directive is duplicate in /etc/nginx/nginx.conf:34
2023/04/11 03:04:30 [emerg] 1#1: "keepalive_timeout" directive is duplicate in /etc/nginx/nginx.conf:34
2023/04/11 03:04:31 [emerg] 1#1: "keepalive_timeout" directive is duplicate in /etc/nginx/nginx.conf:34
2023/04/11 03:04:32 [emerg] 1#1: "keepalive_timeout" directive is duplicate in /etc/nginx/nginx.conf:34
2023/04/11 03:04:33 [emerg] 1#1: "keepalive_timeout" directive is duplicate in /etc/nginx/nginx.conf:34
2023/04/11 03:04:58 [notice] 1#1: using the "epoll" event method
2023/04/11 03:04:58 [notice] 1#1: nginx/1.23.4
2023/04/11 03:04:58 [notice] 1#1: built by gcc 12.2.1 20220924 (Alpine 12.2.1_git20220924-r4) 
2023/04/11 03:04:58 [notice] 1#1: OS: Linux 5.10.102.1-microsoft-standard-WSL2
2023/04/11 03:04:58 [notice] 1#1: getrlimit(RLIMIT_NOFILE): 1048576:1048576
2023/04/11 03:04:58 [notice] 1#1: start worker processes
2023/04/11 03:04:58 [notice] 1#1: start worker process 29
2023/04/11 03:04:58 [notice] 1#1: start worker process 30
2023/04/11 03:04:58 [notice] 1#1: start worker process 31
2023/04/11 03:04:58 [notice] 1#1: start worker process 32
2023/04/11 03:04:58 [notice] 1#1: start worker process 33
2023/04/11 03:04:58 [notice] 1#1: start worker process 34
2023/04/11 03:04:58 [notice] 1#1: start worker process 35
2023/04/11 03:04:58 [notice] 1#1: start worker process 36
2023/04/11 03:04:58 [notice] 1#1: start worker process 37
2023/04/11 03:04:58 [notice] 1#1: start worker process 38
2023/04/11 03:04:58 [notice] 1#1: start worker process 39
2023/04/11 03:04:58 [notice] 1#1: start worker process 40
2023/04/11 03:05:51 [notice] 1#1: signal 3 (SIGQUIT) received, shutting down
2023/04/11 03:05:51 [notice] 29#29: gracefully shutting down
2023/04/11 03:05:51 [notice] 34#34: gracefully shutting down
2023/04/11 03:05:51 [notice] 30#30: gracefully shutting down
2023/04/11 03:05:51 [notice] 31#31: gracefully shutting down
2023/04/11 03:05:51 [notice] 32#32: gracefully shutting down
2023/04/11 03:05:51 [notice] 33#33: gracefully shutting down
2023/04/11 03:05:51 [notice] 32#32: exiting
2023/04/11 03:05:51 [notice] 35#35: gracefully shutting down
2023/04/11 03:05:51 [notice] 36#36: gracefully shutting down
2023/04/11 03:05:51 [notice] 37#37: gracefully shutting down
2023/04/11 03:05:51 [notice] 36#36: exiting
2023/04/11 03:05:51 [notice] 38#38: gracefully shutting down
2023/04/11 03:05:51 [notice] 39#39: gracefully shutting down
2023/04/11 03:05:51 [notice] 40#40: gracefully shutting down
2023/04/11 03:05:51 [notice] 34#34: exiting
2023/04/11 03:05:51 [notice] 30#30: exiting
2023/04/11 03:05:51 [notice] 31#31: exiting
2023/04/11 03:05:51 [notice] 33#33: exiting
2023/04/11 03:05:51 [notice] 32#32: exit
2023/04/11 03:05:51 [notice] 35#35: exiting
2023/04/11 03:05:51 [notice] 37#37: exiting
2023/04/11 03:05:51 [notice] 36#36: exit
2023/04/11 03:05:51 [notice] 38#38: exiting
2023/04/11 03:05:51 [notice] 39#39: exiting
2023/04/11 03:05:51 [notice] 40#40: exiting
2023/04/11 03:05:51 [notice] 34#34: exit
2023/04/11 03:05:51 [notice] 30#30: exit
2023/04/11 03:05:51 [notice] 33#33: exit
2023/04/11 03:05:51 [notice] 31#31: exit
2023/04/11 03:05:51 [notice] 35#35: exit
2023/04/11 03:05:51 [notice] 37#37: exit
2023/04/11 03:05:51 [notice] 38#38: exit
2023/04/11 03:05:51 [notice] 39#39: exit
2023/04/11 03:05:51 [notice] 40#40: exit
2023/04/11 03:05:51 [notice] 1#1: signal 17 (SIGCHLD) received from 34
2023/04/11 03:05:51 [notice] 1#1: worker process 30 exited with code 0
2023/04/11 03:05:51 [notice] 1#1: worker process 33 exited with code 0
2023/04/11 03:05:51 [notice] 1#1: worker process 34 exited with code 0
2023/04/11 03:05:51 [notice] 1#1: worker process 35 exited with code 0
2023/04/11 03:05:51 [notice] 1#1: worker process 36 exited with code 0
2023/04/11 03:05:51 [notice] 1#1: worker process 37 exited with code 0
2023/04/11 03:05:51 [notice] 1#1: worker process 40 exited with code 0
2023/04/11 03:05:51 [notice] 1#1: signal 29 (SIGIO) received
2023/04/11 03:05:51 [notice] 1#1: signal 17 (SIGCHLD) received from 37
2023/04/11 03:05:51 [notice] 1#1: signal 17 (SIGCHLD) received from 32
2023/04/11 03:05:51 [notice] 1#1: worker process 31 exited with code 0
2023/04/11 03:05:51 [notice] 1#1: worker process 32 exited with code 0
2023/04/11 03:05:51 [notice] 1#1: worker process 38 exited with code 0
2023/04/11 03:05:51 [notice] 1#1: signal 29 (SIGIO) received
2023/04/11 03:05:51 [notice] 1#1: signal 17 (SIGCHLD) received from 38
2023/04/11 03:05:51 [notice] 1#1: signal 17 (SIGCHLD) received from 39
2023/04/11 03:05:51 [notice] 1#1: worker process 39 exited with code 0
2023/04/11 03:05:51 [notice] 1#1: signal 29 (SIGIO) received
2023/04/11 03:06:02 [notice] 1#1: using the "epoll" event method
2023/04/11 03:06:02 [notice] 1#1: nginx/1.23.4
2023/04/11 03:06:02 [notice] 1#1: built by gcc 12.2.1 20220924 (Alpine 12.2.1_git20220924-r4) 
2023/04/11 03:06:02 [notice] 1#1: OS: Linux 5.10.102.1-microsoft-standard-WSL2
2023/04/11 03:06:02 [notice] 1#1: getrlimit(RLIMIT_NOFILE): 1048576:1048576
2023/04/11 03:06:02 [notice] 1#1: start worker processes
2023/04/11 03:06:02 [notice] 1#1: start worker process 29
2023/04/11 03:06:02 [notice] 1#1: start worker process 30
2023/04/11 03:06:02 [notice] 1#1: start worker process 31
2023/04/11 03:06:02 [notice] 1#1: start worker process 32
2023/04/11 03:06:02 [notice] 1#1: start worker process 33
2023/04/11 03:06:02 [notice] 1#1: start worker process 34
2023/04/11 03:06:02 [notice] 1#1: start worker process 35
2023/04/11 03:06:02 [notice] 1#1: start worker process 36
2023/04/11 03:06:02 [notice] 1#1: start worker process 37
2023/04/11 03:06:02 [notice] 1#1: start worker process 38
2023/04/11 03:06:02 [notice] 1#1: start worker process 39
2023/04/11 03:06:02 [notice] 1#1: start worker process 40
2023/04/11 03:06:27 [notice] 1#1: signal 3 (SIGQUIT) received, shutting down
2023/04/11 03:06:27 [notice] 29#29: gracefully shutting down
2023/04/11 03:06:27 [notice] 30#30: gracefully shutting down
2023/04/11 03:06:27 [notice] 31#31: gracefully shutting down
2023/04/11 03:06:27 [notice] 33#33: gracefully shutting down
2023/04/11 03:06:27 [notice] 32#32: gracefully shutting down
2023/04/11 03:06:27 [notice] 35#35: gracefully shutting down
2023/04/11 03:06:27 [notice] 34#34: gracefully shutting down
2023/04/11 03:06:27 [notice] 36#36: gracefully shutting down
2023/04/11 03:06:27 [notice] 37#37: gracefully shutting down
2023/04/11 03:06:27 [notice] 38#38: gracefully shutting down
2023/04/11 03:06:27 [notice] 39#39: gracefully shutting down
2023/04/11 03:06:27 [notice] 40#40: gracefully shutting down
2023/04/11 03:06:27 [notice] 31#31: exiting
2023/04/11 03:06:27 [notice] 33#33: exiting
2023/04/11 03:06:27 [notice] 31#31: exit
2023/04/11 03:06:27 [notice] 32#32: exiting
2023/04/11 03:06:27 [notice] 35#35: exiting
2023/04/11 03:06:27 [notice] 34#34: exiting
2023/04/11 03:06:27 [notice] 36#36: exiting
2023/04/11 03:06:27 [notice] 37#37: exiting
2023/04/11 03:06:27 [notice] 38#38: exiting
2023/04/11 03:06:27 [notice] 39#39: exiting
2023/04/11 03:06:27 [notice] 40#40: exiting
2023/04/11 03:06:27 [notice] 33#33: exit
2023/04/11 03:06:27 [notice] 32#32: exit
2023/04/11 03:06:27 [notice] 35#35: exit
2023/04/11 03:06:27 [notice] 34#34: exit
2023/04/11 03:06:27 [notice] 36#36: exit
2023/04/11 03:06:27 [notice] 37#37: exit
2023/04/11 03:06:27 [notice] 38#38: exit
2023/04/11 03:06:27 [notice] 39#39: exit
2023/04/11 03:06:27 [notice] 40#40: exit
2023/04/11 03:06:27 [notice] 1#1: signal 17 (SIGCHLD) received from 35
2023/04/11 03:06:27 [notice] 1#1: worker process 35 exited with code 0
2023/04/11 03:06:27 [notice] 1#1: worker process 38 exited with code 0
2023/04/11 03:06:27 [notice] 1#1: signal 29 (SIGIO) received
2023/04/11 03:06:27 [notice] 1#1: signal 17 (SIGCHLD) received from 32
2023/04/11 03:06:27 [notice] 1#1: worker process 32 exited with code 0
2023/04/11 03:06:27 [notice] 1#1: signal 29 (SIGIO) received
2023/04/11 03:06:27 [notice] 1#1: signal 17 (SIGCHLD) received from 31
2023/04/11 03:06:27 [notice] 1#1: worker process 31 exited with code 0
2023/04/11 03:06:27 [notice] 1#1: signal 29 (SIGIO) received
2023/04/11 03:06:27 [notice] 1#1: signal 17 (SIGCHLD) received from 34
2023/04/11 03:06:27 [notice] 1#1: worker process 34 exited with code 0
2023/04/11 03:06:27 [notice] 1#1: worker process 40 exited with code 0
2023/04/11 03:06:27 [notice] 1#1: signal 29 (SIGIO) received
2023/04/11 03:06:27 [notice] 1#1: signal 17 (SIGCHLD) received from 37
2023/04/11 03:06:27 [notice] 1#1: worker process 33 exited with code 0
2023/04/11 03:06:27 [notice] 1#1: worker process 37 exited with code 0
2023/04/11 03:06:27 [notice] 1#1: signal 29 (SIGIO) received
2023/04/11 03:06:27 [notice] 1#1: signal 17 (SIGCHLD) received from 36
2023/04/11 03:06:27 [notice] 1#1: worker process 36 exited with code 0
2023/04/11 03:06:27 [notice] 1#1: worker process 39 exited with code 0
2023/04/11 03:06:27 [notice] 1#1: signal 29 (SIGIO) received
2023/04/11 03:06:38 [notice] 1#1: using the "epoll" event method
2023/04/11 03:06:38 [notice] 1#1: nginx/1.23.4
2023/04/11 03:06:38 [notice] 1#1: built by gcc 12.2.1 20220924 (Alpine 12.2.1_git20220924-r4) 
2023/04/11 03:06:38 [notice] 1#1: OS: Linux 5.10.102.1-microsoft-standard-WSL2
2023/04/11 03:06:38 [notice] 1#1: getrlimit(RLIMIT_NOFILE): 1048576:1048576
2023/04/11 03:06:38 [notice] 1#1: start worker processes
2023/04/11 03:06:38 [notice] 1#1: start worker process 29
2023/04/11 03:06:38 [notice] 1#1: start worker process 30
2023/04/11 03:06:38 [notice] 1#1: start worker process 31
2023/04/11 03:06:38 [notice] 1#1: start worker process 32
2023/04/11 03:06:38 [notice] 1#1: start worker process 33
2023/04/11 03:06:38 [notice] 1#1: start worker process 34
2023/04/11 03:06:38 [notice] 1#1: start worker process 35
2023/04/11 03:06:38 [notice] 1#1: start worker process 36
2023/04/11 03:06:38 [notice] 1#1: start worker process 37
2023/04/11 03:06:38 [notice] 1#1: start worker process 38
2023/04/11 03:06:38 [notice] 1#1: start worker process 39
2023/04/11 03:06:38 [notice] 1#1: start worker process 40
2023/04/11 03:07:42 [error] 29#29: *1 upstream timed out (110: Operation timed out) while reading response header from upstream, client: 172.21.0.1, server: localhost, request: "GET /manager/ HTTP/1.1", upstream: "fastcgi://172.21.0.2:9000", host: "localhost"
2023/04/11 03:09:43 [error] 29#29: *1 upstream timed out (110: Operation timed out) while reading response header from upstream, client: 172.21.0.1, server: localhost, request: "GET /manager/index.php?a=2 HTTP/1.1", upstream: "fastcgi://172.21.0.2:9000", host: "localhost", referrer: "http://localhost/manager/"
2023/04/11 03:10:44 [error] 29#29: *1 upstream timed out (110: Operation timed out) while reading response header from upstream, client: 172.21.0.1, server: localhost, request: "POST /manager/media/style/default/ajax.php HTTP/1.1", upstream: "fastcgi://172.21.0.2:9000", host: "localhost", referrer: "http://localhost/manager/"
2023/04/11 03:25:31 [error] 38#38: *18 upstream timed out (110: Operation timed out) while reading response header from upstream, client: 172.21.0.1, server: localhost, request: "GET /manager/ HTTP/1.1", upstream: "fastcgi://172.21.0.2:9000", host: "localhost", referrer: "http://localhost/manager/?a=8"
2023/04/11 03:26:36 [error] 38#38: *18 upstream timed out (110: Operation timed out) while reading response header from upstream, client: 172.21.0.1, server: localhost, request: "GET /manager/ HTTP/1.1", upstream: "fastcgi://172.21.0.2:9000", host: "localhost", referrer: "http://localhost/manager/?a=8"
2023/04/11 03:29:35 [error] 29#29: *34 upstream timed out (110: Operation timed out) while reading response header from upstream, client: 172.21.0.1, server: localhost, request: "GET /manager/index.php?a=2 HTTP/1.1", upstream: "fastcgi://172.21.0.2:9000", host: "localhost", referrer: "http://localhost/manager/"
2023/04/11 03:30:36 [error] 29#29: *34 upstream timed out (110: Operation timed out) while reading response header from upstream, client: 172.21.0.1, server: localhost, request: "POST /manager/media/style/default/ajax.php HTTP/1.1", upstream: "fastcgi://172.21.0.2:9000", host: "localhost", referrer: "http://localhost/manager/"
2023/04/11 03:37:45 [notice] 1#1: signal 3 (SIGQUIT) received, shutting down
2023/04/11 03:37:45 [notice] 29#29: gracefully shutting down
2023/04/11 03:37:45 [notice] 30#30: gracefully shutting down
2023/04/11 03:37:45 [notice] 32#32: gracefully shutting down
2023/04/11 03:37:45 [notice] 31#31: gracefully shutting down
2023/04/11 03:37:45 [notice] 35#35: gracefully shutting down
2023/04/11 03:37:45 [notice] 33#33: gracefully shutting down
2023/04/11 03:37:45 [notice] 34#34: gracefully shutting down
2023/04/11 03:37:45 [notice] 36#36: gracefully shutting down
2023/04/11 03:37:45 [notice] 38#38: gracefully shutting down
2023/04/11 03:37:45 [notice] 38#38: exiting
2023/04/11 03:37:45 [notice] 40#40: gracefully shutting down
2023/04/11 03:37:45 [notice] 39#39: gracefully shutting down
2023/04/11 03:37:45 [notice] 37#37: gracefully shutting down
2023/04/11 03:37:45 [notice] 29#29: exiting
2023/04/11 03:37:45 [notice] 30#30: exiting
2023/04/11 03:37:45 [notice] 32#32: exiting
2023/04/11 03:37:45 [notice] 31#31: exiting
2023/04/11 03:37:45 [notice] 35#35: exiting
2023/04/11 03:37:45 [notice] 33#33: exiting
2023/04/11 03:37:45 [notice] 34#34: exiting
2023/04/11 03:37:45 [notice] 36#36: exiting
2023/04/11 03:37:45 [notice] 38#38: exit
2023/04/11 03:37:45 [notice] 40#40: exiting
2023/04/11 03:37:45 [notice] 39#39: exiting
2023/04/11 03:37:45 [notice] 37#37: exiting
2023/04/11 03:37:45 [notice] 29#29: exit
2023/04/11 03:37:45 [notice] 30#30: exit
2023/04/11 03:37:45 [notice] 32#32: exit
2023/04/11 03:37:45 [notice] 31#31: exit
2023/04/11 03:37:45 [notice] 35#35: exit
2023/04/11 03:37:45 [notice] 33#33: exit
2023/04/11 03:37:45 [notice] 34#34: exit
2023/04/11 03:37:45 [notice] 36#36: exit
2023/04/11 03:37:45 [notice] 40#40: exit
2023/04/11 03:37:45 [notice] 39#39: exit
2023/04/11 03:37:45 [notice] 37#37: exit
2023/04/11 03:37:45 [notice] 1#1: signal 17 (SIGCHLD) received from 31
2023/04/11 03:37:45 [notice] 1#1: worker process 31 exited with code 0
2023/04/11 03:37:45 [notice] 1#1: worker process 33 exited with code 0
2023/04/11 03:37:45 [notice] 1#1: worker process 37 exited with code 0
2023/04/11 03:37:45 [notice] 1#1: signal 29 (SIGIO) received
2023/04/11 03:37:45 [notice] 1#1: signal 17 (SIGCHLD) received from 37
2023/04/11 03:37:45 [notice] 1#1: signal 17 (SIGCHLD) received from 38
2023/04/11 03:37:45 [notice] 1#1: worker process 38 exited with code 0
2023/04/11 03:37:45 [notice] 1#1: signal 29 (SIGIO) received
2023/04/11 03:37:45 [notice] 1#1: signal 17 (SIGCHLD) received from 40
2023/04/11 03:37:45 [notice] 1#1: worker process 30 exited with code 0
2023/04/11 03:37:45 [notice] 1#1: worker process 35 exited with code 0
2023/04/11 03:37:45 [notice] 1#1: worker process 40 exited with code 0
2023/04/11 03:37:45 [notice] 1#1: signal 29 (SIGIO) received
2023/04/11 03:37:45 [notice] 1#1: signal 17 (SIGCHLD) received from 30
2023/04/11 03:37:45 [notice] 1#1: signal 17 (SIGCHLD) received from 34
2023/04/11 03:37:45 [notice] 1#1: worker process 34 exited with code 0
2023/04/11 03:37:45 [notice] 1#1: worker process 39 exited with code 0
2023/04/11 03:37:45 [notice] 1#1: signal 29 (SIGIO) received
2023/04/11 03:37:45 [notice] 1#1: signal 17 (SIGCHLD) received from 39
2023/04/11 03:37:45 [notice] 1#1: signal 17 (SIGCHLD) received from 29
2023/04/11 03:37:45 [notice] 1#1: worker process 29 exited with code 0
2023/04/11 03:37:45 [notice] 1#1: worker process 36 exited with code 0
2023/04/11 03:37:45 [notice] 1#1: signal 29 (SIGIO) received
2023/04/11 03:37:45 [notice] 1#1: signal 17 (SIGCHLD) received from 32
2023/04/11 03:37:45 [notice] 1#1: worker process 32 exited with code 0
2023/04/11 03:37:45 [notice] 1#1: exit
2023/04/11 03:37:46 [notice] 23#23: using the "epoll" event method
2023/04/11 03:37:46 [notice] 23#23: nginx/1.23.4
2023/04/11 03:37:46 [notice] 23#23: built by gcc 10.2.1 20210110 (Debian 10.2.1-6) 
2023/04/11 03:37:46 [notice] 23#23: OS: Linux 5.10.102.1-microsoft-standard-WSL2
2023/04/11 03:37:46 [notice] 23#23: getrlimit(RLIMIT_NOFILE): 1048576:1048576
2023/04/11 03:37:46 [notice] 23#23: start worker processes
2023/04/11 03:37:46 [notice] 23#23: start worker process 29
2023/04/11 03:37:46 [notice] 23#23: start worker process 30
2023/04/11 03:37:46 [notice] 23#23: start worker process 31
2023/04/11 03:37:46 [notice] 23#23: start worker process 32
2023/04/11 03:37:46 [notice] 23#23: start worker process 33
2023/04/11 03:37:46 [notice] 23#23: start worker process 34
2023/04/11 03:37:46 [notice] 23#23: start worker process 35
2023/04/11 03:37:46 [notice] 23#23: start worker process 36
2023/04/11 03:37:46 [notice] 23#23: start worker process 37
2023/04/11 03:37:46 [notice] 23#23: start worker process 38
2023/04/11 03:37:46 [notice] 23#23: start worker process 39
2023/04/11 03:37:46 [notice] 23#23: start worker process 40
2023/04/11 03:37:46 [notice] 42#42: signal process started
2023/04/11 03:37:46 [notice] 23#23: signal 1 (SIGHUP) received from 42, reconfiguring
2023/04/11 03:37:46 [notice] 23#23: reconfiguring
2023/04/11 03:37:46 [notice] 23#23: using the "epoll" event method
2023/04/11 03:37:46 [notice] 23#23: start worker processes
2023/04/11 03:37:46 [notice] 23#23: start worker process 45
2023/04/11 03:37:46 [notice] 23#23: start worker process 46
2023/04/11 03:37:46 [notice] 23#23: start worker process 47
2023/04/11 03:37:46 [notice] 23#23: start worker process 48
2023/04/11 03:37:46 [notice] 23#23: start worker process 49
2023/04/11 03:37:46 [notice] 23#23: start worker process 50
2023/04/11 03:37:46 [notice] 23#23: start worker process 51
2023/04/11 03:37:46 [notice] 23#23: start worker process 52
2023/04/11 03:37:46 [notice] 23#23: start worker process 53
2023/04/11 03:37:46 [notice] 23#23: start worker process 54
2023/04/11 03:37:46 [notice] 23#23: start worker process 55
2023/04/11 03:37:46 [notice] 23#23: start worker process 56
2023/04/11 03:37:46 [notice] 29#29: gracefully shutting down
2023/04/11 03:37:46 [notice] 38#38: gracefully shutting down
2023/04/11 03:37:46 [notice] 30#30: gracefully shutting down
2023/04/11 03:37:46 [notice] 31#31: gracefully shutting down
2023/04/11 03:37:46 [notice] 32#32: gracefully shutting down
2023/04/11 03:37:46 [notice] 33#33: gracefully shutting down
2023/04/11 03:37:46 [notice] 34#34: gracefully shutting down
2023/04/11 03:37:46 [notice] 35#35: gracefully shutting down
2023/04/11 03:37:46 [notice] 36#36: gracefully shutting down
2023/04/11 03:37:46 [notice] 37#37: gracefully shutting down
2023/04/11 03:37:46 [notice] 39#39: gracefully shutting down
2023/04/11 03:37:46 [notice] 40#40: gracefully shutting down
2023/04/11 03:37:46 [notice] 29#29: exiting
2023/04/11 03:37:46 [notice] 38#38: exiting
2023/04/11 03:37:46 [notice] 29#29: exit
2023/04/11 03:37:46 [notice] 30#30: exiting
2023/04/11 03:37:46 [notice] 31#31: exiting
2023/04/11 03:37:46 [notice] 32#32: exiting
2023/04/11 03:37:46 [notice] 33#33: exiting
2023/04/11 03:37:46 [notice] 34#34: exiting
2023/04/11 03:37:46 [notice] 35#35: exiting
2023/04/11 03:37:46 [notice] 36#36: exiting
2023/04/11 03:37:46 [notice] 37#37: exiting
2023/04/11 03:37:46 [notice] 39#39: exiting
2023/04/11 03:37:46 [notice] 40#40: exiting
2023/04/11 03:37:46 [notice] 38#38: exit
2023/04/11 03:37:46 [notice] 30#30: exit
2023/04/11 03:37:46 [notice] 31#31: exit
2023/04/11 03:37:46 [notice] 32#32: exit
2023/04/11 03:37:46 [notice] 33#33: exit
2023/04/11 03:37:46 [notice] 34#34: exit
2023/04/11 03:37:46 [notice] 35#35: exit
2023/04/11 03:37:46 [notice] 36#36: exit
2023/04/11 03:37:46 [notice] 37#37: exit
2023/04/11 03:37:46 [notice] 39#39: exit
2023/04/11 03:37:46 [notice] 40#40: exit
2023/04/11 03:37:47 [notice] 23#23: signal 17 (SIGCHLD) received from 34
2023/04/11 03:37:47 [notice] 23#23: worker process 30 exited with code 0
2023/04/11 03:37:47 [notice] 23#23: worker process 31 exited with code 0
2023/04/11 03:37:47 [notice] 23#23: worker process 34 exited with code 0
2023/04/11 03:37:47 [notice] 23#23: signal 29 (SIGIO) received
2023/04/11 03:37:47 [notice] 23#23: signal 17 (SIGCHLD) received from 30
2023/04/11 03:37:47 [notice] 23#23: signal 17 (SIGCHLD) received from 32
2023/04/11 03:37:47 [notice] 23#23: worker process 32 exited with code 0
2023/04/11 03:37:47 [notice] 23#23: signal 29 (SIGIO) received
2023/04/11 03:37:47 [notice] 23#23: signal 17 (SIGCHLD) received from 35
2023/04/11 03:37:47 [notice] 23#23: worker process 29 exited with code 0
2023/04/11 03:37:47 [notice] 23#23: worker process 33 exited with code 0
2023/04/11 03:37:47 [notice] 23#23: worker process 35 exited with code 0
2023/04/11 03:37:47 [notice] 23#23: worker process 36 exited with code 0
2023/04/11 03:37:47 [notice] 23#23: worker process 37 exited with code 0
2023/04/11 03:37:47 [notice] 23#23: worker process 39 exited with code 0
2023/04/11 03:37:47 [notice] 23#23: signal 29 (SIGIO) received
2023/04/11 03:37:47 [notice] 23#23: signal 17 (SIGCHLD) received from 39
2023/04/11 03:37:47 [notice] 23#23: signal 17 (SIGCHLD) received from 38
2023/04/11 03:37:47 [notice] 23#23: worker process 38 exited with code 0
2023/04/11 03:37:47 [notice] 23#23: signal 29 (SIGIO) received
2023/04/11 03:37:47 [notice] 23#23: signal 17 (SIGCHLD) received from 40
2023/04/11 03:37:47 [notice] 23#23: worker process 40 exited with code 0
2023/04/11 03:37:47 [notice] 23#23: signal 29 (SIGIO) received
2023/04/11 03:38:04 [error] 46#46: *3 cannot load certificate "data:": PEM_read_bio_X509_AUX() failed (SSL: error:0909006C:PEM routines:get_name:no start line:Expecting: TRUSTED CERTIFICATE) while SSL handshaking, client: 172.21.0.1, server: 0.0.0.0:443
2023/04/11 03:38:04 [error] 47#47: *5 cannot load certificate "data:": PEM_read_bio_X509_AUX() failed (SSL: error:0909006C:PEM routines:get_name:no start line:Expecting: TRUSTED CERTIFICATE) while SSL handshaking, client: 172.21.0.1, server: 0.0.0.0:443
2023/04/11 03:38:30 [emerg] 1#1: BIO_new_file("/etc/nginx/dhparam/dhparam.pem") failed (SSL: error:02001002:system library:fopen:No such file or directory:fopen('/etc/nginx/dhparam/dhparam.pem','r') error:2006D080:BIO routines:BIO_new_file:no such file)
2023/04/11 03:38:31 [emerg] 1#1: BIO_new_file("/etc/nginx/dhparam/dhparam.pem") failed (SSL: error:02001002:system library:fopen:No such file or directory:fopen('/etc/nginx/dhparam/dhparam.pem','r') error:2006D080:BIO routines:BIO_new_file:no such file)
2023/04/11 03:38:31 [emerg] 1#1: BIO_new_file("/etc/nginx/dhparam/dhparam.pem") failed (SSL: error:02001002:system library:fopen:No such file or directory:fopen('/etc/nginx/dhparam/dhparam.pem','r') error:2006D080:BIO routines:BIO_new_file:no such file)
2023/04/11 03:38:32 [emerg] 1#1: BIO_new_file("/etc/nginx/dhparam/dhparam.pem") failed (SSL: error:02001002:system library:fopen:No such file or directory:fopen('/etc/nginx/dhparam/dhparam.pem','r') error:2006D080:BIO routines:BIO_new_file:no such file)
2023/04/11 03:38:34 [emerg] 1#1: BIO_new_file("/etc/nginx/dhparam/dhparam.pem") failed (SSL: error:02001002:system library:fopen:No such file or directory:fopen('/etc/nginx/dhparam/dhparam.pem','r') error:2006D080:BIO routines:BIO_new_file:no such file)
2023/04/11 03:38:36 [emerg] 1#1: BIO_new_file("/etc/nginx/dhparam/dhparam.pem") failed (SSL: error:02001002:system library:fopen:No such file or directory:fopen('/etc/nginx/dhparam/dhparam.pem','r') error:2006D080:BIO routines:BIO_new_file:no such file)
2023/04/11 03:38:40 [emerg] 1#1: BIO_new_file("/etc/nginx/dhparam/dhparam.pem") failed (SSL: error:02001002:system library:fopen:No such file or directory:fopen('/etc/nginx/dhparam/dhparam.pem','r') error:2006D080:BIO routines:BIO_new_file:no such file)
2023/04/11 03:38:47 [emerg] 1#1: BIO_new_file("/etc/nginx/dhparam/dhparam.pem") failed (SSL: error:02001002:system library:fopen:No such file or directory:fopen('/etc/nginx/dhparam/dhparam.pem','r') error:2006D080:BIO routines:BIO_new_file:no such file)
2023/04/11 03:39:00 [emerg] 1#1: BIO_new_file("/etc/nginx/dhparam/dhparam.pem") failed (SSL: error:02001002:system library:fopen:No such file or directory:fopen('/etc/nginx/dhparam/dhparam.pem','r') error:2006D080:BIO routines:BIO_new_file:no such file)
2023/04/11 03:39:26 [emerg] 1#1: BIO_new_file("/etc/nginx/dhparam/dhparam.pem") failed (SSL: error:02001002:system library:fopen:No such file or directory:fopen('/etc/nginx/dhparam/dhparam.pem','r') error:2006D080:BIO routines:BIO_new_file:no such file)
2023/04/11 03:40:18 [emerg] 1#1: BIO_new_file("/etc/nginx/dhparam/dhparam.pem") failed (SSL: error:02001002:system library:fopen:No such file or directory:fopen('/etc/nginx/dhparam/dhparam.pem','r') error:2006D080:BIO routines:BIO_new_file:no such file)
2023/04/11 03:40:35 [warn] 1#1: invalid value "TLSv1.3" in /etc/nginx/conf.d/default.conf:61
2023/04/11 03:40:36 [warn] 1#1: invalid value "TLSv1.3" in /etc/nginx/conf.d/default.conf:61
2023/04/11 03:40:37 [warn] 1#1: invalid value "TLSv1.3" in /etc/nginx/conf.d/default.conf:61
2023/04/11 03:40:38 [warn] 1#1: invalid value "TLSv1.3" in /etc/nginx/conf.d/default.conf:61
2023/04/11 03:40:39 [warn] 1#1: invalid value "TLSv1.3" in /etc/nginx/conf.d/default.conf:61
2023/04/11 03:40:42 [warn] 1#1: invalid value "TLSv1.3" in /etc/nginx/conf.d/default.conf:61
2023/04/11 03:40:45 [warn] 1#1: invalid value "TLSv1.3" in /etc/nginx/conf.d/default.conf:61
2023/04/11 03:40:52 [warn] 1#1: invalid value "TLSv1.3" in /etc/nginx/conf.d/default.conf:61
2023/04/11 03:41:05 [warn] 1#1: invalid value "TLSv1.3" in /etc/nginx/conf.d/default.conf:61
2023/04/11 03:46:36 [warn] 1#1: invalid value "TLSv1.3" in /etc/nginx/conf.d/default.conf:61
2023/04/11 03:46:37 [warn] 1#1: invalid value "TLSv1.3" in /etc/nginx/conf.d/default.conf:61
2023/04/11 03:46:38 [warn] 1#1: invalid value "TLSv1.3" in /etc/nginx/conf.d/default.conf:61
2023/04/11 03:46:39 [warn] 1#1: invalid value "TLSv1.3" in /etc/nginx/conf.d/default.conf:61
2023/04/11 03:46:40 [warn] 1#1: invalid value "TLSv1.3" in /etc/nginx/conf.d/default.conf:61
2023/04/11 03:46:42 [warn] 1#1: invalid value "TLSv1.3" in /etc/nginx/conf.d/default.conf:61
2023/04/11 03:46:46 [warn] 1#1: invalid value "TLSv1.3" in /etc/nginx/conf.d/default.conf:61
2023/04/11 03:46:53 [warn] 1#1: invalid value "TLSv1.3" in /etc/nginx/conf.d/default.conf:61
2023/04/11 03:47:06 [warn] 1#1: invalid value "TLSv1.3" in /etc/nginx/conf.d/default.conf:61
2023/04/11 03:47:32 [warn] 1#1: invalid value "TLSv1.3" in /etc/nginx/conf.d/default.conf:61
2023/04/11 03:47:55 [emerg] 1#1: BIO_new_file("/etc/nginx/dhparam/dhparam.pem") failed (SSL: error:02001002:system library:fopen:No such file or directory:fopen('/etc/nginx/dhparam/dhparam.pem','r') error:2006D080:BIO routines:BIO_new_file:no such file)
2023/04/11 03:47:55 [emerg] 1#1: BIO_new_file("/etc/nginx/dhparam/dhparam.pem") failed (SSL: error:02001002:system library:fopen:No such file or directory:fopen('/etc/nginx/dhparam/dhparam.pem','r') error:2006D080:BIO routines:BIO_new_file:no such file)
2023/04/11 03:47:56 [emerg] 1#1: BIO_new_file("/etc/nginx/dhparam/dhparam.pem") failed (SSL: error:02001002:system library:fopen:No such file or directory:fopen('/etc/nginx/dhparam/dhparam.pem','r') error:2006D080:BIO routines:BIO_new_file:no such file)
2023/04/11 03:47:57 [emerg] 1#1: BIO_new_file("/etc/nginx/dhparam/dhparam.pem") failed (SSL: error:02001002:system library:fopen:No such file or directory:fopen('/etc/nginx/dhparam/dhparam.pem','r') error:2006D080:BIO routines:BIO_new_file:no such file)
2023/04/11 03:47:59 [emerg] 1#1: BIO_new_file("/etc/nginx/dhparam/dhparam.pem") failed (SSL: error:02001002:system library:fopen:No such file or directory:fopen('/etc/nginx/dhparam/dhparam.pem','r') error:2006D080:BIO routines:BIO_new_file:no such file)
2023/04/11 03:48:01 [emerg] 1#1: BIO_new_file("/etc/nginx/dhparam/dhparam.pem") failed (SSL: error:02001002:system library:fopen:No such file or directory:fopen('/etc/nginx/dhparam/dhparam.pem','r') error:2006D080:BIO routines:BIO_new_file:no such file)
2023/04/11 03:48:04 [emerg] 1#1: BIO_new_file("/etc/nginx/dhparam/dhparam.pem") failed (SSL: error:02001002:system library:fopen:No such file or directory:fopen('/etc/nginx/dhparam/dhparam.pem','r') error:2006D080:BIO routines:BIO_new_file:no such file)
2023/04/11 03:48:11 [emerg] 1#1: BIO_new_file("/etc/nginx/dhparam/dhparam.pem") failed (SSL: error:02001002:system library:fopen:No such file or directory:fopen('/etc/nginx/dhparam/dhparam.pem','r') error:2006D080:BIO routines:BIO_new_file:no such file)
2023/04/11 03:48:25 [emerg] 1#1: BIO_new_file("/etc/nginx/dhparam/dhparam.pem") failed (SSL: error:02001002:system library:fopen:No such file or directory:fopen('/etc/nginx/dhparam/dhparam.pem','r') error:2006D080:BIO routines:BIO_new_file:no such file)
2023/04/11 03:48:51 [emerg] 1#1: BIO_new_file("/etc/nginx/dhparam/dhparam.pem") failed (SSL: error:02001002:system library:fopen:No such file or directory:fopen('/etc/nginx/dhparam/dhparam.pem','r') error:2006D080:BIO routines:BIO_new_file:no such file)
2023/04/11 03:48:55 [emerg] 1#1: BIO_new_file("/etc/nginx/dhparam/dhparam.pem") failed (SSL: error:80000002:system library::No such file or directory:calling fopen(/etc/nginx/dhparam/dhparam.pem, r) error:10000080:BIO routines::no such file)
2023/04/11 03:48:56 [emerg] 1#1: BIO_new_file("/etc/nginx/dhparam/dhparam.pem") failed (SSL: error:80000002:system library::No such file or directory:calling fopen(/etc/nginx/dhparam/dhparam.pem, r) error:10000080:BIO routines::no such file)
2023/04/11 03:48:57 [emerg] 1#1: BIO_new_file("/etc/nginx/dhparam/dhparam.pem") failed (SSL: error:80000002:system library::No such file or directory:calling fopen(/etc/nginx/dhparam/dhparam.pem, r) error:10000080:BIO routines::no such file)
2023/04/11 03:48:58 [emerg] 1#1: BIO_new_file("/etc/nginx/dhparam/dhparam.pem") failed (SSL: error:80000002:system library::No such file or directory:calling fopen(/etc/nginx/dhparam/dhparam.pem, r) error:10000080:BIO routines::no such file)
2023/04/11 03:49:00 [emerg] 1#1: BIO_new_file("/etc/nginx/dhparam/dhparam.pem") failed (SSL: error:80000002:system library::No such file or directory:calling fopen(/etc/nginx/dhparam/dhparam.pem, r) error:10000080:BIO routines::no such file)
2023/04/11 03:49:02 [emerg] 1#1: BIO_new_file("/etc/nginx/dhparam/dhparam.pem") failed (SSL: error:80000002:system library::No such file or directory:calling fopen(/etc/nginx/dhparam/dhparam.pem, r) error:10000080:BIO routines::no such file)
2023/04/11 03:49:05 [emerg] 1#1: BIO_new_file("/etc/nginx/dhparam/dhparam.pem") failed (SSL: error:80000002:system library::No such file or directory:calling fopen(/etc/nginx/dhparam/dhparam.pem, r) error:10000080:BIO routines::no such file)
2023/04/11 03:49:13 [emerg] 1#1: BIO_new_file("/etc/nginx/dhparam/dhparam.pem") failed (SSL: error:80000002:system library::No such file or directory:calling fopen(/etc/nginx/dhparam/dhparam.pem, r) error:10000080:BIO routines::no such file)
2023/04/11 03:49:26 [emerg] 1#1: BIO_new_file("/etc/nginx/dhparam/dhparam.pem") failed (SSL: error:80000002:system library::No such file or directory:calling fopen(/etc/nginx/dhparam/dhparam.pem, r) error:10000080:BIO routines::no such file)
2023/04/11 03:49:52 [emerg] 1#1: BIO_new_file("/etc/nginx/dhparam/dhparam.pem") failed (SSL: error:80000002:system library::No such file or directory:calling fopen(/etc/nginx/dhparam/dhparam.pem, r) error:10000080:BIO routines::no such file)
2023/04/11 04:04:18 [emerg] 1#1: BIO_new_file("/etc/nginx/dhparam/dhparam.pem") failed (SSL: error:80000002:system library::No such file or directory:calling fopen(/etc/nginx/dhparam/dhparam.pem, r) error:10000080:BIO routines::no such file)
2023/04/11 04:04:19 [emerg] 1#1: BIO_new_file("/etc/nginx/dhparam/dhparam.pem") failed (SSL: error:80000002:system library::No such file or directory:calling fopen(/etc/nginx/dhparam/dhparam.pem, r) error:10000080:BIO routines::no such file)
2023/04/11 04:04:20 [emerg] 1#1: BIO_new_file("/etc/nginx/dhparam/dhparam.pem") failed (SSL: error:80000002:system library::No such file or directory:calling fopen(/etc/nginx/dhparam/dhparam.pem, r) error:10000080:BIO routines::no such file)
2023/04/11 04:04:21 [emerg] 1#1: BIO_new_file("/etc/nginx/dhparam/dhparam.pem") failed (SSL: error:80000002:system library::No such file or directory:calling fopen(/etc/nginx/dhparam/dhparam.pem, r) error:10000080:BIO routines::no such file)
2023/04/11 04:04:22 [emerg] 1#1: BIO_new_file("/etc/nginx/dhparam/dhparam.pem") failed (SSL: error:80000002:system library::No such file or directory:calling fopen(/etc/nginx/dhparam/dhparam.pem, r) error:10000080:BIO routines::no such file)
2023/04/11 04:04:25 [emerg] 1#1: BIO_new_file("/etc/nginx/dhparam/dhparam.pem") failed (SSL: error:80000002:system library::No such file or directory:calling fopen(/etc/nginx/dhparam/dhparam.pem, r) error:10000080:BIO routines::no such file)
2023/04/11 04:04:28 [emerg] 1#1: BIO_new_file("/etc/nginx/dhparam/dhparam.pem") failed (SSL: error:80000002:system library::No such file or directory:calling fopen(/etc/nginx/dhparam/dhparam.pem, r) error:10000080:BIO routines::no such file)
2023/04/11 04:04:35 [emerg] 1#1: BIO_new_file("/etc/nginx/dhparam/dhparam.pem") failed (SSL: error:80000002:system library::No such file or directory:calling fopen(/etc/nginx/dhparam/dhparam.pem, r) error:10000080:BIO routines::no such file)
2023/04/11 04:04:49 [emerg] 1#1: BIO_new_file("/etc/nginx/dhparam/dhparam.pem") failed (SSL: error:80000002:system library::No such file or directory:calling fopen(/etc/nginx/dhparam/dhparam.pem, r) error:10000080:BIO routines::no such file)
2023/04/11 04:05:15 [emerg] 1#1: BIO_new_file("/etc/nginx/dhparam/dhparam.pem") failed (SSL: error:80000002:system library::No such file or directory:calling fopen(/etc/nginx/dhparam/dhparam.pem, r) error:10000080:BIO routines::no such file)
2023/04/11 04:05:28 [emerg] 1#1: BIO_new_file("/etc/nginx/dhparam/dhparam.pem") failed (SSL: error:80000002:system library::No such file or directory:calling fopen(/etc/nginx/dhparam/dhparam.pem, r) error:10000080:BIO routines::no such file)
2023/04/11 04:05:29 [emerg] 1#1: BIO_new_file("/etc/nginx/dhparam/dhparam.pem") failed (SSL: error:80000002:system library::No such file or directory:calling fopen(/etc/nginx/dhparam/dhparam.pem, r) error:10000080:BIO routines::no such file)
2023/04/11 04:05:30 [emerg] 1#1: BIO_new_file("/etc/nginx/dhparam/dhparam.pem") failed (SSL: error:80000002:system library::No such file or directory:calling fopen(/etc/nginx/dhparam/dhparam.pem, r) error:10000080:BIO routines::no such file)
2023/04/11 04:05:31 [emerg] 1#1: BIO_new_file("/etc/nginx/dhparam/dhparam.pem") failed (SSL: error:80000002:system library::No such file or directory:calling fopen(/etc/nginx/dhparam/dhparam.pem, r) error:10000080:BIO routines::no such file)
2023/04/11 04:05:32 [emerg] 1#1: BIO_new_file("/etc/nginx/dhparam/dhparam.pem") failed (SSL: error:80000002:system library::No such file or directory:calling fopen(/etc/nginx/dhparam/dhparam.pem, r) error:10000080:BIO routines::no such file)
2023/04/11 04:05:35 [emerg] 1#1: BIO_new_file("/etc/nginx/dhparam/dhparam.pem") failed (SSL: error:80000002:system library::No such file or directory:calling fopen(/etc/nginx/dhparam/dhparam.pem, r) error:10000080:BIO routines::no such file)
2023/04/11 04:05:38 [emerg] 1#1: BIO_new_file("/etc/nginx/dhparam/dhparam.pem") failed (SSL: error:80000002:system library::No such file or directory:calling fopen(/etc/nginx/dhparam/dhparam.pem, r) error:10000080:BIO routines::no such file)
2023/04/11 04:05:45 [emerg] 1#1: BIO_new_file("/etc/nginx/dhparam/dhparam.pem") failed (SSL: error:80000002:system library::No such file or directory:calling fopen(/etc/nginx/dhparam/dhparam.pem, r) error:10000080:BIO routines::no such file)
2023/04/11 04:05:59 [emerg] 1#1: BIO_new_file("/etc/nginx/dhparam/dhparam.pem") failed (SSL: error:80000002:system library::No such file or directory:calling fopen(/etc/nginx/dhparam/dhparam.pem, r) error:10000080:BIO routines::no such file)
2023/04/11 04:06:25 [emerg] 1#1: BIO_new_file("/etc/nginx/dhparam/dhparam.pem") failed (SSL: error:80000002:system library::No such file or directory:calling fopen(/etc/nginx/dhparam/dhparam.pem, r) error:10000080:BIO routines::no such file)
2023/04/11 04:10:23 [emerg] 1#1: BIO_new_file("/etc/nginx/dhparam/dhparam.pem") failed (SSL: error:80000002:system library::No such file or directory:calling fopen(/etc/nginx/dhparam/dhparam.pem, r) error:10000080:BIO routines::no such file)
2023/04/11 04:10:24 [emerg] 1#1: BIO_new_file("/etc/nginx/dhparam/dhparam.pem") failed (SSL: error:80000002:system library::No such file or directory:calling fopen(/etc/nginx/dhparam/dhparam.pem, r) error:10000080:BIO routines::no such file)
2023/04/11 04:10:25 [emerg] 1#1: BIO_new_file("/etc/nginx/dhparam/dhparam.pem") failed (SSL: error:80000002:system library::No such file or directory:calling fopen(/etc/nginx/dhparam/dhparam.pem, r) error:10000080:BIO routines::no such file)
2023/04/11 04:10:26 [emerg] 1#1: BIO_new_file("/etc/nginx/dhparam/dhparam.pem") failed (SSL: error:80000002:system library::No such file or directory:calling fopen(/etc/nginx/dhparam/dhparam.pem, r) error:10000080:BIO routines::no such file)
2023/04/11 04:10:27 [emerg] 1#1: BIO_new_file("/etc/nginx/dhparam/dhparam.pem") failed (SSL: error:80000002:system library::No such file or directory:calling fopen(/etc/nginx/dhparam/dhparam.pem, r) error:10000080:BIO routines::no such file)
2023/04/11 04:10:29 [emerg] 1#1: BIO_new_file("/etc/nginx/dhparam/dhparam.pem") failed (SSL: error:80000002:system library::No such file or directory:calling fopen(/etc/nginx/dhparam/dhparam.pem, r) error:10000080:BIO routines::no such file)
2023/04/11 04:10:33 [emerg] 1#1: BIO_new_file("/etc/nginx/dhparam/dhparam.pem") failed (SSL: error:80000002:system library::No such file or directory:calling fopen(/etc/nginx/dhparam/dhparam.pem, r) error:10000080:BIO routines::no such file)
2023/04/11 04:10:40 [emerg] 1#1: BIO_new_file("/etc/nginx/dhparam/dhparam.pem") failed (SSL: error:80000002:system library::No such file or directory:calling fopen(/etc/nginx/dhparam/dhparam.pem, r) error:10000080:BIO routines::no such file)
2023/04/11 04:10:53 [emerg] 1#1: BIO_new_file("/etc/nginx/dhparam/dhparam.pem") failed (SSL: error:80000002:system library::No such file or directory:calling fopen(/etc/nginx/dhparam/dhparam.pem, r) error:10000080:BIO routines::no such file)
2023/04/11 04:11:20 [emerg] 1#1: BIO_new_file("/etc/nginx/dhparam/dhparam.pem") failed (SSL: error:80000002:system library::No such file or directory:calling fopen(/etc/nginx/dhparam/dhparam.pem, r) error:10000080:BIO routines::no such file)
2023/04/11 04:12:11 [emerg] 1#1: BIO_new_file("/etc/nginx/dhparam/dhparam.pem") failed (SSL: error:80000002:system library::No such file or directory:calling fopen(/etc/nginx/dhparam/dhparam.pem, r) error:10000080:BIO routines::no such file)
2023/04/11 04:13:12 [emerg] 1#1: BIO_new_file("/etc/nginx/dhparam/dhparam.pem") failed (SSL: error:80000002:system library::No such file or directory:calling fopen(/etc/nginx/dhparam/dhparam.pem, r) error:10000080:BIO routines::no such file)
2023/04/11 04:14:12 [emerg] 1#1: BIO_new_file("/etc/nginx/dhparam/dhparam.pem") failed (SSL: error:80000002:system library::No such file or directory:calling fopen(/etc/nginx/dhparam/dhparam.pem, r) error:10000080:BIO routines::no such file)
2023/04/11 04:15:13 [emerg] 1#1: BIO_new_file("/etc/nginx/dhparam/dhparam.pem") failed (SSL: error:80000002:system library::No such file or directory:calling fopen(/etc/nginx/dhparam/dhparam.pem, r) error:10000080:BIO routines::no such file)
2023/04/11 04:16:13 [notice] 1#1: using the "epoll" event method
2023/04/11 04:16:13 [notice] 1#1: nginx/1.23.4
2023/04/11 04:16:13 [notice] 1#1: built by gcc 12.2.1 20220924 (Alpine 12.2.1_git20220924-r4) 
2023/04/11 04:16:13 [notice] 1#1: OS: Linux 5.10.102.1-microsoft-standard-WSL2
2023/04/11 04:16:13 [notice] 1#1: getrlimit(RLIMIT_NOFILE): 1048576:1048576
2023/04/11 04:16:13 [notice] 1#1: start worker processes
2023/04/11 04:16:13 [notice] 1#1: start worker process 29
2023/04/11 04:16:13 [notice] 1#1: start worker process 30
2023/04/11 04:16:13 [notice] 1#1: start worker process 31
2023/04/11 04:16:13 [notice] 1#1: start worker process 32
2023/04/11 04:16:13 [notice] 1#1: start worker process 33
2023/04/11 04:16:13 [notice] 1#1: start worker process 34
2023/04/11 04:16:13 [notice] 1#1: start worker process 35
2023/04/11 04:16:13 [notice] 1#1: start worker process 36
2023/04/11 04:16:13 [notice] 1#1: start worker process 37
2023/04/11 04:16:13 [notice] 1#1: start worker process 38
2023/04/11 04:16:13 [notice] 1#1: start worker process 39
2023/04/11 04:16:13 [notice] 1#1: start worker process 40
2023/04/11 04:18:34 [error] 29#29: *1 upstream timed out (110: Operation timed out) while reading response header from upstream, client: 172.24.0.1, server: localhost, request: "GET /manager/index.php?a=2 HTTP/1.1", upstream: "fastcgi://172.24.0.2:9000", host: "localhost", referrer: "http://localhost/manager/"
2023/04/11 04:19:34 [error] 29#29: *1 upstream timed out (110: Operation timed out) while reading response header from upstream, client: 172.24.0.1, server: localhost, request: "POST /manager/media/style/default/ajax.php HTTP/1.1", upstream: "fastcgi://172.24.0.2:9000", host: "localhost", referrer: "http://localhost/manager/"
2023/04/11 04:21:05 [error] 29#29: *1 upstream timed out (110: Operation timed out) while reading response header from upstream, client: 172.24.0.1, server: localhost, request: "GET /manager/ HTTP/1.1", upstream: "fastcgi://172.24.0.2:9000", host: "localhost", referrer: "http://localhost/manager/"
2023/04/11 04:23:11 [error] 35#35: *15 upstream timed out (110: Operation timed out) while reading response header from upstream, client: 172.24.0.1, server: localhost, request: "GET /manager/ HTTP/1.1", upstream: "fastcgi://172.24.0.2:9000", host: "localhost", referrer: "http://localhost/manager/"
2023/04/11 04:23:16 [notice] 1#1: signal 3 (SIGQUIT) received, shutting down
2023/04/11 04:23:16 [notice] 29#29: gracefully shutting down
2023/04/11 04:23:16 [notice] 38#38: gracefully shutting down
2023/04/11 04:23:16 [notice] 30#30: gracefully shutting down
2023/04/11 04:23:16 [notice] 31#31: gracefully shutting down
2023/04/11 04:23:16 [notice] 32#32: gracefully shutting down
2023/04/11 04:23:16 [notice] 34#34: gracefully shutting down
2023/04/11 04:23:16 [notice] 35#35: gracefully shutting down
2023/04/11 04:23:16 [notice] 33#33: gracefully shutting down
2023/04/11 04:23:16 [notice] 36#36: gracefully shutting down
2023/04/11 04:23:16 [notice] 37#37: gracefully shutting down
2023/04/11 04:23:16 [notice] 39#39: gracefully shutting down
2023/04/11 04:23:16 [notice] 29#29: exiting
2023/04/11 04:23:16 [notice] 40#40: gracefully shutting down
2023/04/11 04:23:16 [notice] 38#38: exiting
2023/04/11 04:23:16 [notice] 30#30: exiting
2023/04/11 04:23:16 [notice] 38#38: exit
2023/04/11 04:23:16 [notice] 31#31: exiting
2023/04/11 04:23:16 [notice] 32#32: exiting
2023/04/11 04:23:16 [notice] 34#34: exiting
2023/04/11 04:23:16 [notice] 35#35: exiting
2023/04/11 04:23:16 [notice] 33#33: exiting
2023/04/11 04:23:16 [notice] 36#36: exiting
2023/04/11 04:23:16 [notice] 37#37: exiting
2023/04/11 04:23:16 [notice] 39#39: exiting
2023/04/11 04:23:16 [notice] 29#29: exit
2023/04/11 04:23:16 [notice] 40#40: exiting
2023/04/11 04:23:16 [notice] 30#30: exit
2023/04/11 04:23:16 [notice] 31#31: exit
2023/04/11 04:23:16 [notice] 32#32: exit
2023/04/11 04:23:16 [notice] 34#34: exit
2023/04/11 04:23:16 [notice] 35#35: exit
2023/04/11 04:23:16 [notice] 33#33: exit
2023/04/11 04:23:16 [notice] 36#36: exit
2023/04/11 04:23:16 [notice] 37#37: exit
2023/04/11 04:23:16 [notice] 39#39: exit
2023/04/11 04:23:16 [notice] 40#40: exit
2023/04/11 04:23:16 [notice] 1#1: signal 17 (SIGCHLD) received from 33
2023/04/11 04:23:16 [notice] 1#1: worker process 29 exited with code 0
2023/04/11 04:23:16 [notice] 1#1: worker process 32 exited with code 0
2023/04/11 04:23:16 [notice] 1#1: worker process 33 exited with code 0
2023/04/11 04:23:16 [notice] 1#1: worker process 36 exited with code 0
2023/04/11 04:23:16 [notice] 1#1: signal 29 (SIGIO) received
2023/04/11 04:23:16 [notice] 1#1: signal 17 (SIGCHLD) received from 32
2023/04/11 04:23:16 [notice] 1#1: signal 17 (SIGCHLD) received from 34
2023/04/11 04:23:16 [notice] 1#1: worker process 34 exited with code 0
2023/04/11 04:23:16 [notice] 1#1: signal 29 (SIGIO) received
2023/04/11 04:23:16 [notice] 1#1: signal 17 (SIGCHLD) received from 39
2023/04/11 04:23:16 [notice] 1#1: worker process 30 exited with code 0
2023/04/11 04:23:16 [notice] 1#1: worker process 31 exited with code 0
2023/04/11 04:23:16 [notice] 1#1: worker process 37 exited with code 0
2023/04/11 04:23:16 [notice] 1#1: worker process 39 exited with code 0
2023/04/11 04:23:16 [notice] 1#1: signal 29 (SIGIO) received
2023/04/11 04:23:16 [notice] 1#1: signal 17 (SIGCHLD) received from 40
2023/04/11 04:23:16 [notice] 1#1: worker process 35 exited with code 0
2023/04/11 04:23:16 [notice] 1#1: worker process 38 exited with code 0
2023/04/11 04:23:16 [notice] 1#1: worker process 40 exited with code 0
2023/04/11 04:23:16 [notice] 1#1: exit
2023/04/11 04:23:18 [notice] 1#1: using the "epoll" event method
2023/04/11 04:23:18 [notice] 1#1: nginx/1.23.4
2023/04/11 04:23:18 [notice] 1#1: built by gcc 12.2.1 20220924 (Alpine 12.2.1_git20220924-r4) 
2023/04/11 04:23:18 [notice] 1#1: OS: Linux 5.10.102.1-microsoft-standard-WSL2
2023/04/11 04:23:18 [notice] 1#1: getrlimit(RLIMIT_NOFILE): 1048576:1048576
2023/04/11 04:23:18 [notice] 1#1: start worker processes
2023/04/11 04:23:18 [notice] 1#1: start worker process 20
2023/04/11 04:23:18 [notice] 1#1: start worker process 21
2023/04/11 04:23:18 [notice] 1#1: start worker process 22
2023/04/11 04:23:18 [notice] 1#1: start worker process 23
2023/04/11 04:23:18 [notice] 1#1: start worker process 24
2023/04/11 04:23:18 [notice] 1#1: start worker process 25
2023/04/11 04:23:18 [notice] 1#1: start worker process 26
2023/04/11 04:23:18 [notice] 1#1: start worker process 27
2023/04/11 04:23:18 [notice] 1#1: start worker process 28
2023/04/11 04:23:18 [notice] 1#1: start worker process 29
2023/04/11 04:23:18 [notice] 1#1: start worker process 30
2023/04/11 04:23:18 [notice] 1#1: start worker process 31
2023/04/11 04:39:47 [notice] 1#1: signal 3 (SIGQUIT) received, shutting down
2023/04/11 04:39:47 [notice] 20#20: gracefully shutting down
2023/04/11 04:39:47 [notice] 21#21: gracefully shutting down
2023/04/11 04:39:47 [notice] 22#22: gracefully shutting down
2023/04/11 04:39:47 [notice] 24#24: gracefully shutting down
2023/04/11 04:39:47 [notice] 23#23: gracefully shutting down
2023/04/11 04:39:47 [notice] 27#27: gracefully shutting down
2023/04/11 04:39:47 [notice] 26#26: gracefully shutting down
2023/04/11 04:39:47 [notice] 25#25: gracefully shutting down
2023/04/11 04:39:47 [notice] 29#29: gracefully shutting down
2023/04/11 04:39:47 [notice] 30#30: gracefully shutting down
2023/04/11 04:39:47 [notice] 28#28: gracefully shutting down
2023/04/11 04:39:47 [notice] 31#31: gracefully shutting down
2023/04/11 04:39:47 [notice] 22#22: exiting
2023/04/11 04:39:47 [notice] 24#24: exiting
2023/04/11 04:39:47 [notice] 23#23: exiting
2023/04/11 04:39:47 [notice] 27#27: exiting
2023/04/11 04:39:47 [notice] 26#26: exiting
2023/04/11 04:39:47 [notice] 25#25: exiting
2023/04/11 04:39:47 [notice] 26#26: exit
2023/04/11 04:39:47 [notice] 29#29: exiting
2023/04/11 04:39:47 [notice] 30#30: exiting
2023/04/11 04:39:47 [notice] 28#28: exiting
2023/04/11 04:39:47 [notice] 31#31: exiting
2023/04/11 04:39:47 [notice] 22#22: exit
2023/04/11 04:39:47 [notice] 31#31: exit
2023/04/11 04:39:47 [notice] 24#24: exit
2023/04/11 04:39:47 [notice] 23#23: exit
2023/04/11 04:39:47 [notice] 27#27: exit
2023/04/11 04:39:47 [notice] 25#25: exit
2023/04/11 04:39:47 [notice] 29#29: exit
2023/04/11 04:39:47 [notice] 30#30: exit
2023/04/11 04:39:47 [notice] 28#28: exit
2023/04/11 04:39:47 [notice] 1#1: signal 17 (SIGCHLD) received from 30
2023/04/11 04:39:47 [notice] 1#1: worker process 23 exited with code 0
2023/04/11 04:39:47 [notice] 1#1: worker process 24 exited with code 0
2023/04/11 04:39:47 [notice] 1#1: worker process 29 exited with code 0
2023/04/11 04:39:47 [notice] 1#1: worker process 30 exited with code 0
2023/04/11 04:39:47 [notice] 1#1: signal 29 (SIGIO) received
2023/04/11 04:39:47 [notice] 1#1: signal 17 (SIGCHLD) received from 23
2023/04/11 04:39:47 [notice] 1#1: signal 17 (SIGCHLD) received from 31
2023/04/11 04:39:47 [notice] 1#1: worker process 25 exited with code 0
2023/04/11 04:39:47 [notice] 1#1: worker process 31 exited with code 0
2023/04/11 04:39:47 [notice] 1#1: signal 29 (SIGIO) received
2023/04/11 04:39:47 [notice] 1#1: signal 17 (SIGCHLD) received from 27
2023/04/11 04:39:47 [notice] 1#1: worker process 22 exited with code 0
2023/04/11 04:39:47 [notice] 1#1: worker process 26 exited with code 0
2023/04/11 04:39:47 [notice] 1#1: worker process 27 exited with code 0
2023/04/11 04:39:47 [notice] 1#1: worker process 28 exited with code 0
2023/04/11 04:39:47 [notice] 1#1: signal 29 (SIGIO) received
2023/04/11 04:39:47 [notice] 1#1: signal 17 (SIGCHLD) received from 26
2023/04/11 05:17:52 [notice] 1#1: using the "epoll" event method
2023/04/11 05:17:52 [notice] 1#1: nginx/1.23.4
2023/04/11 05:17:52 [notice] 1#1: built by gcc 12.2.1 20220924 (Alpine 12.2.1_git20220924-r4) 
2023/04/11 05:17:52 [notice] 1#1: OS: Linux 5.10.102.1-microsoft-standard-WSL2
2023/04/11 05:17:52 [notice] 1#1: getrlimit(RLIMIT_NOFILE): 1048576:1048576
2023/04/11 05:17:52 [notice] 1#1: start worker processes
2023/04/11 05:17:52 [notice] 1#1: start worker process 20
2023/04/11 05:17:52 [notice] 1#1: start worker process 21
2023/04/11 05:17:52 [notice] 1#1: start worker process 22
2023/04/11 05:17:52 [notice] 1#1: start worker process 23
2023/04/11 05:17:52 [notice] 1#1: start worker process 24
2023/04/11 05:17:52 [notice] 1#1: start worker process 25
2023/04/11 05:17:52 [notice] 1#1: start worker process 26
2023/04/11 05:17:52 [notice] 1#1: start worker process 27
2023/04/11 05:17:52 [notice] 1#1: start worker process 28
2023/04/11 05:17:52 [notice] 1#1: start worker process 29
2023/04/11 05:17:52 [notice] 1#1: start worker process 30
2023/04/11 05:17:52 [notice] 1#1: start worker process 31
2023/04/11 05:31:00 [notice] 1#1: signal 3 (SIGQUIT) received, shutting down
2023/04/11 05:31:00 [notice] 20#20: gracefully shutting down
2023/04/11 05:31:00 [notice] 21#21: gracefully shutting down
2023/04/11 05:31:00 [notice] 23#23: gracefully shutting down
2023/04/11 05:31:00 [notice] 25#25: gracefully shutting down
2023/04/11 05:31:00 [notice] 24#24: gracefully shutting down
2023/04/11 05:31:00 [notice] 22#22: gracefully shutting down
2023/04/11 05:31:00 [notice] 24#24: exiting
2023/04/11 05:31:00 [notice] 26#26: gracefully shutting down
2023/04/11 05:31:00 [notice] 27#27: gracefully shutting down
2023/04/11 05:31:00 [notice] 28#28: gracefully shutting down
2023/04/11 05:31:00 [notice] 29#29: gracefully shutting down
2023/04/11 05:31:00 [notice] 30#30: gracefully shutting down
2023/04/11 05:31:00 [notice] 31#31: gracefully shutting down
2023/04/11 05:31:00 [notice] 20#20: exiting
2023/04/11 05:31:00 [notice] 21#21: exiting
2023/04/11 05:31:00 [notice] 23#23: exiting
2023/04/11 05:31:00 [notice] 25#25: exiting
2023/04/11 05:31:00 [notice] 22#22: exiting
2023/04/11 05:31:00 [notice] 22#22: exit
2023/04/11 05:31:00 [notice] 24#24: exit
2023/04/11 05:31:00 [notice] 26#26: exiting
2023/04/11 05:31:00 [notice] 27#27: exiting
2023/04/11 05:31:00 [notice] 28#28: exiting
2023/04/11 05:31:00 [notice] 29#29: exiting
2023/04/11 05:31:00 [notice] 30#30: exiting
2023/04/11 05:31:00 [notice] 31#31: exiting
2023/04/11 05:31:00 [notice] 20#20: exit
2023/04/11 05:31:00 [notice] 21#21: exit
2023/04/11 05:31:00 [notice] 23#23: exit
2023/04/11 05:31:00 [notice] 25#25: exit
2023/04/11 05:31:00 [notice] 26#26: exit
2023/04/11 05:31:00 [notice] 27#27: exit
2023/04/11 05:31:00 [notice] 28#28: exit
2023/04/11 05:31:00 [notice] 29#29: exit
2023/04/11 05:31:00 [notice] 30#30: exit
2023/04/11 05:31:00 [notice] 31#31: exit
2023/04/11 05:31:00 [notice] 1#1: signal 17 (SIGCHLD) received from 25
2023/04/11 05:31:00 [notice] 1#1: worker process 20 exited with code 0
2023/04/11 05:31:00 [notice] 1#1: worker process 21 exited with code 0
2023/04/11 05:31:00 [notice] 1#1: worker process 25 exited with code 0
2023/04/11 05:31:00 [notice] 1#1: worker process 27 exited with code 0
2023/04/11 05:31:00 [notice] 1#1: worker process 29 exited with code 0
2023/04/11 05:31:00 [notice] 1#1: worker process 30 exited with code 0
2023/04/11 05:31:00 [notice] 1#1: worker process 31 exited with code 0
2023/04/11 05:31:00 [notice] 1#1: signal 29 (SIGIO) received
2023/04/11 05:31:00 [notice] 1#1: signal 17 (SIGCHLD) received from 21
2023/04/11 05:31:00 [notice] 1#1: signal 17 (SIGCHLD) received from 24
2023/04/11 05:31:00 [notice] 1#1: worker process 22 exited with code 0
2023/04/11 05:31:00 [notice] 1#1: worker process 23 exited with code 0
2023/04/11 05:31:00 [notice] 1#1: worker process 24 exited with code 0
2023/04/11 05:31:00 [notice] 1#1: worker process 26 exited with code 0
2023/04/11 05:31:00 [notice] 1#1: worker process 28 exited with code 0
2023/04/11 05:31:00 [notice] 1#1: exit
